<?xml version="1.0" encoding="UTF-8"?>
<robot generator="Robot 6.1.1 (Python 3.11.4 on win32)" generated="20230807 22:55:00.157" rpa="false" schemaversion="4">
<suite id="s1" name="Testing" source="C:\Users\Lenovo\Documents\Projetos TI\Robot Framework\WebAutomationTesting\test-cases\testing.robot">
<test id="s1-t1" name="TC001 - Validando mensagem login erro ao não digitar usuário" line="10">
<kw name="Dado que eu acesse o site" library="login-scenarios" type="SETUP">
<kw name="Open Browser" library="SeleniumLibrary">
<arg>${URL.sauceDemo}</arg>
<arg>${browser}</arg>
<doc>Opens a new browser instance to the optional ``url``.</doc>
<msg timestamp="20230807 22:55:00.310" level="INFO">Opening browser 'chrome' to base url 'https://www.saucedemo.com/v1/'.</msg>
<status status="PASS" starttime="20230807 22:55:00.310" endtime="20230807 22:55:01.627"/>
</kw>
<status status="PASS" starttime="20230807 22:55:00.310" endtime="20230807 22:55:01.627"/>
</kw>
<kw name="E não insira login nem Senha" library="login-scenarios">
<kw name="Wait Until Element Is Visible" library="SeleniumLibrary">
<arg>${LOGIN.btnLoging}</arg>
<doc>Waits until the element ``locator`` is visible.</doc>
<status status="PASS" starttime="20230807 22:55:01.627" endtime="20230807 22:55:01.649"/>
</kw>
<kw name="Click Button" library="SeleniumLibrary">
<arg>${LOGIN.btnLoging}</arg>
<doc>Clicks the button identified by ``locator``.</doc>
<msg timestamp="20230807 22:55:01.657" level="INFO">Clicking button '//*[@id="login-button"]'.</msg>
<status status="PASS" starttime="20230807 22:55:01.649" endtime="20230807 22:55:01.714"/>
</kw>
<kw name="Get Text" library="SeleniumLibrary">
<var>${textValidation}</var>
<arg>${LOGIN.errorText}</arg>
<doc>Returns the text value of the element identified by ``locator``.</doc>
<msg timestamp="20230807 22:55:01.731" level="INFO">${textValidation} = Epic sadface: Username is required</msg>
<status status="PASS" starttime="20230807 22:55:01.714" endtime="20230807 22:55:01.737"/>
</kw>
<kw name="Should Contain" library="BuiltIn">
<var>${textValidation}</var>
<arg>${textValidation}</arg>
<arg>${LOGIN_VALIDATIONS.errorUsername}</arg>
<doc>Fails if ``container`` does not contain ``item`` one or more times.</doc>
<msg timestamp="20230807 22:55:01.737" level="INFO">${textValidation} = None</msg>
<status status="PASS" starttime="20230807 22:55:01.737" endtime="20230807 22:55:01.737"/>
</kw>
<kw name="Capture Page Screenshot" library="SeleniumLibrary">
<arg>${loginScreenShoot}\TC001.jpg</arg>
<doc>Takes a screenshot of the current page and embeds it into a log file.</doc>
<msg timestamp="20230807 22:55:01.857" level="INFO" html="true">&lt;/td&gt;&lt;/tr&gt;&lt;tr&gt;&lt;td colspan="3"&gt;&lt;a href="resultsLoginloginScreenShootsTC001.jpg"&gt;&lt;img src="resultsLoginloginScreenShootsTC001.jpg" width="800px"&gt;&lt;/a&gt;</msg>
<msg timestamp="20230807 22:55:01.857" level="INFO">C:\Users\Lenovo\AppData\Local\Programs\Python\Python311\Lib\site-packages\selenium\webdriver\remote\webdriver.py:889: UserWarning: name used for saved screenshot does not match file type. It should end with a `.png` extension
  warnings.warn(</msg>
<status status="PASS" starttime="20230807 22:55:01.737" endtime="20230807 22:55:01.857"/>
</kw>
<status status="PASS" starttime="20230807 22:55:01.627" endtime="20230807 22:55:01.857"/>
</kw>
<kw name="Fechar Browser" library="login-scenarios" type="TEARDOWN">
<kw name="Close Browser" library="SeleniumLibrary">
<doc>Closes the current browser.</doc>
<status status="PASS" starttime="20230807 22:55:01.857" endtime="20230807 22:55:04.130"/>
</kw>
<status status="PASS" starttime="20230807 22:55:01.857" endtime="20230807 22:55:04.130"/>
</kw>
<status status="PASS" starttime="20230807 22:55:00.307" endtime="20230807 22:55:04.130"/>
</test>
<test id="s1-t2" name="TC002 - Validando mensagem de login erro ao não digitar senha" line="13">
<kw name="Dado que eu acesse o site" library="login-scenarios" type="SETUP">
<kw name="Open Browser" library="SeleniumLibrary">
<arg>${URL.sauceDemo}</arg>
<arg>${browser}</arg>
<doc>Opens a new browser instance to the optional ``url``.</doc>
<msg timestamp="20230807 22:55:04.137" level="INFO">Opening browser 'chrome' to base url 'https://www.saucedemo.com/v1/'.</msg>
<status status="PASS" starttime="20230807 22:55:04.136" endtime="20230807 22:55:05.548"/>
</kw>
<status status="PASS" starttime="20230807 22:55:04.130" endtime="20230807 22:55:05.548"/>
</kw>
<kw name="E insira login e não insira senha" library="login-scenarios">
<kw name="Wait Until Element Is Visible" library="SeleniumLibrary">
<arg>${LOGIN.inpUsername}</arg>
<doc>Waits until the element ``locator`` is visible.</doc>
<status status="PASS" starttime="20230807 22:55:05.548" endtime="20230807 22:55:05.577"/>
</kw>
<kw name="Input Text" library="SeleniumLibrary">
<arg>${LOGIN.inpUsername}</arg>
<arg>${LOGIN.usernameValid}</arg>
<doc>Types the given ``text`` into the text field identified by ``locator``.</doc>
<msg timestamp="20230807 22:55:05.577" level="INFO">Typing text 'standard_user' into text field '//*[@name="user-name"]'.</msg>
<status status="PASS" starttime="20230807 22:55:05.577" endtime="20230807 22:55:05.665"/>
</kw>
<kw name="Click Button" library="SeleniumLibrary">
<arg>${LOGIN.btnLoging}</arg>
<doc>Clicks the button identified by ``locator``.</doc>
<msg timestamp="20230807 22:55:05.667" level="INFO">Clicking button '//*[@id="login-button"]'.</msg>
<status status="PASS" starttime="20230807 22:55:05.665" endtime="20230807 22:55:05.722"/>
</kw>
<kw name="Get Text" library="SeleniumLibrary">
<var>${textValidation}</var>
<arg>${LOGIN.errorText}</arg>
<doc>Returns the text value of the element identified by ``locator``.</doc>
<msg timestamp="20230807 22:55:05.743" level="INFO">${textValidation} = Epic sadface: Password is required</msg>
<status status="PASS" starttime="20230807 22:55:05.722" endtime="20230807 22:55:05.743"/>
</kw>
<kw name="Should Contain" library="BuiltIn">
<var>${textValidation}</var>
<arg>${textValidation}</arg>
<arg>${LOGIN_VALIDATIONS.errorPassword}</arg>
<doc>Fails if ``container`` does not contain ``item`` one or more times.</doc>
<msg timestamp="20230807 22:55:05.743" level="INFO">${textValidation} = None</msg>
<status status="PASS" starttime="20230807 22:55:05.743" endtime="20230807 22:55:05.743"/>
</kw>
<kw name="Capture Page Screenshot" library="SeleniumLibrary">
<arg>${loginScreenShoot}TC002.jpg</arg>
<doc>Takes a screenshot of the current page and embeds it into a log file.</doc>
<msg timestamp="20230807 22:55:05.833" level="INFO" html="true">&lt;/td&gt;&lt;/tr&gt;&lt;tr&gt;&lt;td colspan="3"&gt;&lt;a href="resultsLoginloginScreenShootsTC002.jpg"&gt;&lt;img src="resultsLoginloginScreenShootsTC002.jpg" width="800px"&gt;&lt;/a&gt;</msg>
<status status="PASS" starttime="20230807 22:55:05.743" endtime="20230807 22:55:05.836"/>
</kw>
<status status="PASS" starttime="20230807 22:55:05.548" endtime="20230807 22:55:05.836"/>
</kw>
<kw name="Fechar Browser" library="login-scenarios" type="TEARDOWN">
<kw name="Close Browser" library="SeleniumLibrary">
<doc>Closes the current browser.</doc>
<status status="PASS" starttime="20230807 22:55:05.837" endtime="20230807 22:55:08.962"/>
</kw>
<status status="PASS" starttime="20230807 22:55:05.837" endtime="20230807 22:55:08.962"/>
</kw>
<status status="PASS" starttime="20230807 22:55:04.130" endtime="20230807 22:55:08.962"/>
</test>
<test id="s1-t3" name="TC003 - Validando mensagem ao digitar login e senha inválidos" line="16">
<kw name="Dado que eu acesse o site" library="login-scenarios" type="SETUP">
<kw name="Open Browser" library="SeleniumLibrary">
<arg>${URL.sauceDemo}</arg>
<arg>${browser}</arg>
<doc>Opens a new browser instance to the optional ``url``.</doc>
<msg timestamp="20230807 22:55:08.968" level="INFO">Opening browser 'chrome' to base url 'https://www.saucedemo.com/v1/'.</msg>
<status status="PASS" starttime="20230807 22:55:08.968" endtime="20230807 22:55:10.230"/>
</kw>
<status status="PASS" starttime="20230807 22:55:08.967" endtime="20230807 22:55:10.230"/>
</kw>
<kw name="E insira login e senha inválidos" library="login-scenarios">
<kw name="Wait Until Element Is Visible" library="SeleniumLibrary">
<arg>${LOGIN.inpUsername}</arg>
<doc>Waits until the element ``locator`` is visible.</doc>
<status status="PASS" starttime="20230807 22:55:10.230" endtime="20230807 22:55:10.251"/>
</kw>
<kw name="Input Text" library="SeleniumLibrary">
<arg>${LOGIN.inpUsername}</arg>
<arg>${LOGIN.error}</arg>
<doc>Types the given ``text`` into the text field identified by ``locator``.</doc>
<msg timestamp="20230807 22:55:10.251" level="INFO">Typing text 'error' into text field '//*[@name="user-name"]'.</msg>
<status status="PASS" starttime="20230807 22:55:10.251" endtime="20230807 22:55:10.327"/>
</kw>
<kw name="Input Text" library="SeleniumLibrary">
<arg>${LOGIN.inpPassword}</arg>
<arg>${LOGIN.error}</arg>
<doc>Types the given ``text`` into the text field identified by ``locator``.</doc>
<msg timestamp="20230807 22:55:10.327" level="INFO">Typing text 'error' into text field '//*[@name="password"]'.</msg>
<status status="PASS" starttime="20230807 22:55:10.327" endtime="20230807 22:55:10.387"/>
</kw>
<kw name="Click Button" library="SeleniumLibrary">
<arg>${LOGIN.btnLoging}</arg>
<doc>Clicks the button identified by ``locator``.</doc>
<msg timestamp="20230807 22:55:10.387" level="INFO">Clicking button '//*[@id="login-button"]'.</msg>
<status status="PASS" starttime="20230807 22:55:10.387" endtime="20230807 22:55:10.429"/>
</kw>
<kw name="Get Text" library="SeleniumLibrary">
<var>${textValidation}</var>
<arg>${LOGIN.errorText}</arg>
<doc>Returns the text value of the element identified by ``locator``.</doc>
<msg timestamp="20230807 22:55:10.450" level="INFO">${textValidation} = Epic sadface: Username and password do not match any user in this service</msg>
<status status="PASS" starttime="20230807 22:55:10.429" endtime="20230807 22:55:10.450"/>
</kw>
<kw name="Should Contain" library="BuiltIn">
<var>${textValidation}</var>
<arg>${textValidation}</arg>
<arg>${LOGIN_VALIDATIONS.loginError}</arg>
<doc>Fails if ``container`` does not contain ``item`` one or more times.</doc>
<msg timestamp="20230807 22:55:10.450" level="INFO">${textValidation} = None</msg>
<status status="PASS" starttime="20230807 22:55:10.450" endtime="20230807 22:55:10.450"/>
</kw>
<kw name="Capture Page Screenshot" library="SeleniumLibrary">
<arg>${loginScreenShoot}\TC003.jpg</arg>
<doc>Takes a screenshot of the current page and embeds it into a log file.</doc>
<msg timestamp="20230807 22:55:10.561" level="INFO" html="true">&lt;/td&gt;&lt;/tr&gt;&lt;tr&gt;&lt;td colspan="3"&gt;&lt;a href="resultsLoginloginScreenShootsTC003.jpg"&gt;&lt;img src="resultsLoginloginScreenShootsTC003.jpg" width="800px"&gt;&lt;/a&gt;</msg>
<status status="PASS" starttime="20230807 22:55:10.450" endtime="20230807 22:55:10.566"/>
</kw>
<status status="PASS" starttime="20230807 22:55:10.230" endtime="20230807 22:55:10.566"/>
</kw>
<kw name="Fechar Browser" library="login-scenarios" type="TEARDOWN">
<kw name="Close Browser" library="SeleniumLibrary">
<doc>Closes the current browser.</doc>
<status status="PASS" starttime="20230807 22:55:10.567" endtime="20230807 22:55:12.698"/>
</kw>
<status status="PASS" starttime="20230807 22:55:10.567" endtime="20230807 22:55:12.698"/>
</kw>
<status status="PASS" starttime="20230807 22:55:08.962" endtime="20230807 22:55:12.698"/>
</test>
<status status="PASS" starttime="20230807 22:55:00.157" endtime="20230807 22:55:12.698"/>
</suite>
<statistics>
<total>
<stat pass="3" fail="0" skip="0">All Tests</stat>
</total>
<tag>
</tag>
<suite>
<stat pass="3" fail="0" skip="0" id="s1" name="Testing">Testing</stat>
</suite>
</statistics>
<errors>
</errors>
</robot>
