<?xml version="1.0" encoding="UTF-8"?>
<robot generator="Robot 6.1.1 (Python 3.11.4 on win32)" generated="20230814 21:35:38.736" rpa="false" schemaversion="4">
<suite id="s1" name="Testing" source="C:\Users\Lenovo\Documents\Projetos TI\Robot Framework\WebAutomationTesting\test-cases\testing.robot">
<test id="s1-t1" name="TC001 - Validando mensagem login erro ao não digitar usuário" line="10">
<kw name="Dado que eu acesse o site" library="login-scenarios" type="SETUP">
<kw name="Open Browser" library="SeleniumLibrary">
<arg>${URL.sauceDemo}</arg>
<arg>${browser}</arg>
<doc>Opens a new browser instance to the optional ``url``.</doc>
<msg timestamp="20230814 21:35:38.893" level="INFO">Opening browser 'chrome' to base url 'https://www.saucedemo.com/v1/'.</msg>
<status status="PASS" starttime="20230814 21:35:38.892" endtime="20230814 21:35:40.829"/>
</kw>
<status status="PASS" starttime="20230814 21:35:38.892" endtime="20230814 21:35:40.829"/>
</kw>
<kw name="E não insira login nem Senha" library="login-scenarios">
<kw name="Wait Until Element Is Visible" library="SeleniumLibrary">
<arg>${LOGIN.btnLoging}</arg>
<doc>Waits until the element ``locator`` is visible.</doc>
<status status="PASS" starttime="20230814 21:35:40.831" endtime="20230814 21:35:40.860"/>
</kw>
<kw name="Click Button" library="SeleniumLibrary">
<arg>${LOGIN.btnLoging}</arg>
<doc>Clicks the button identified by ``locator``.</doc>
<msg timestamp="20230814 21:35:40.861" level="INFO">Clicking button '//*[@id="login-button"]'.</msg>
<status status="PASS" starttime="20230814 21:35:40.860" endtime="20230814 21:35:40.910"/>
</kw>
<kw name="Get Text" library="SeleniumLibrary">
<var>${textValidation}</var>
<arg>${LOGIN.errorText}</arg>
<doc>Returns the text value of the element identified by ``locator``.</doc>
<msg timestamp="20230814 21:35:40.929" level="INFO">${textValidation} = Epic sadface: Username is required</msg>
<status status="PASS" starttime="20230814 21:35:40.910" endtime="20230814 21:35:40.929"/>
</kw>
<kw name="Should Contain" library="BuiltIn">
<var>${textValidation}</var>
<arg>${textValidation}</arg>
<arg>${LOGIN_VALIDATIONS.errorUsername}</arg>
<doc>Fails if ``container`` does not contain ``item`` one or more times.</doc>
<msg timestamp="20230814 21:35:40.930" level="INFO">${textValidation} = None</msg>
<status status="PASS" starttime="20230814 21:35:40.930" endtime="20230814 21:35:40.930"/>
</kw>
<kw name="Capture Page Screenshot" library="SeleniumLibrary">
<arg>${loginScreenShoot}\TC001.jpg</arg>
<doc>Takes a screenshot of the current page and embeds it into a log file.</doc>
<msg timestamp="20230814 21:35:41.004" level="INFO" html="true">&lt;/td&gt;&lt;/tr&gt;&lt;tr&gt;&lt;td colspan="3"&gt;&lt;a href="resultsLoginloginScreenShootsTC001.jpg"&gt;&lt;img src="resultsLoginloginScreenShootsTC001.jpg" width="800px"&gt;&lt;/a&gt;</msg>
<msg timestamp="20230814 21:35:41.004" level="INFO">C:\Users\Lenovo\AppData\Local\Programs\Python\Python311\Lib\site-packages\selenium\webdriver\remote\webdriver.py:889: UserWarning: name used for saved screenshot does not match file type. It should end with a `.png` extension
  warnings.warn(</msg>
<status status="PASS" starttime="20230814 21:35:40.930" endtime="20230814 21:35:41.004"/>
</kw>
<status status="PASS" starttime="20230814 21:35:40.831" endtime="20230814 21:35:41.004"/>
</kw>
<kw name="Fechar Browser" library="login-scenarios" type="TEARDOWN">
<kw name="Close Browser" library="SeleniumLibrary">
<doc>Closes the current browser.</doc>
<status status="PASS" starttime="20230814 21:35:41.006" endtime="20230814 21:35:43.339"/>
</kw>
<status status="PASS" starttime="20230814 21:35:41.006" endtime="20230814 21:35:43.339"/>
</kw>
<status status="PASS" starttime="20230814 21:35:38.891" endtime="20230814 21:35:43.340"/>
</test>
<test id="s1-t2" name="TC002 - Validando mensagem de login erro ao não digitar senha" line="13">
<kw name="Dado que eu acesse o site" library="login-scenarios" type="SETUP">
<kw name="Open Browser" library="SeleniumLibrary">
<arg>${URL.sauceDemo}</arg>
<arg>${browser}</arg>
<doc>Opens a new browser instance to the optional ``url``.</doc>
<msg timestamp="20230814 21:35:43.346" level="INFO">Opening browser 'chrome' to base url 'https://www.saucedemo.com/v1/'.</msg>
<status status="PASS" starttime="20230814 21:35:43.345" endtime="20230814 21:35:44.709"/>
</kw>
<status status="PASS" starttime="20230814 21:35:43.344" endtime="20230814 21:35:44.709"/>
</kw>
<kw name="E insira login e não insira senha" library="login-scenarios">
<kw name="Wait Until Element Is Visible" library="SeleniumLibrary">
<arg>${LOGIN.inpUsername}</arg>
<doc>Waits until the element ``locator`` is visible.</doc>
<status status="PASS" starttime="20230814 21:35:44.711" endtime="20230814 21:35:44.742"/>
</kw>
<kw name="Input Text" library="SeleniumLibrary">
<arg>${LOGIN.inpUsername}</arg>
<arg>${LOGIN.usernameValid}</arg>
<doc>Types the given ``text`` into the text field identified by ``locator``.</doc>
<msg timestamp="20230814 21:35:44.743" level="INFO">Typing text 'standard_user' into text field '//*[@name="user-name"]'.</msg>
<status status="PASS" starttime="20230814 21:35:44.742" endtime="20230814 21:35:44.839"/>
</kw>
<kw name="Click Button" library="SeleniumLibrary">
<arg>${LOGIN.btnLoging}</arg>
<doc>Clicks the button identified by ``locator``.</doc>
<msg timestamp="20230814 21:35:44.840" level="INFO">Clicking button '//*[@id="login-button"]'.</msg>
<status status="PASS" starttime="20230814 21:35:44.840" endtime="20230814 21:35:44.891"/>
</kw>
<kw name="Get Text" library="SeleniumLibrary">
<var>${textValidation}</var>
<arg>${LOGIN.errorText}</arg>
<doc>Returns the text value of the element identified by ``locator``.</doc>
<msg timestamp="20230814 21:35:44.914" level="INFO">${textValidation} = Epic sadface: Password is required</msg>
<status status="PASS" starttime="20230814 21:35:44.891" endtime="20230814 21:35:44.914"/>
</kw>
<kw name="Should Contain" library="BuiltIn">
<var>${textValidation}</var>
<arg>${textValidation}</arg>
<arg>${LOGIN_VALIDATIONS.errorPassword}</arg>
<doc>Fails if ``container`` does not contain ``item`` one or more times.</doc>
<msg timestamp="20230814 21:35:44.916" level="INFO">${textValidation} = None</msg>
<status status="PASS" starttime="20230814 21:35:44.914" endtime="20230814 21:35:44.916"/>
</kw>
<kw name="Capture Page Screenshot" library="SeleniumLibrary">
<arg>${loginScreenShoot}TC002.jpg</arg>
<doc>Takes a screenshot of the current page and embeds it into a log file.</doc>
<msg timestamp="20230814 21:35:45.017" level="INFO" html="true">&lt;/td&gt;&lt;/tr&gt;&lt;tr&gt;&lt;td colspan="3"&gt;&lt;a href="resultsLoginloginScreenShootsTC002.jpg"&gt;&lt;img src="resultsLoginloginScreenShootsTC002.jpg" width="800px"&gt;&lt;/a&gt;</msg>
<status status="PASS" starttime="20230814 21:35:44.916" endtime="20230814 21:35:45.017"/>
</kw>
<status status="PASS" starttime="20230814 21:35:44.710" endtime="20230814 21:35:45.017"/>
</kw>
<kw name="Fechar Browser" library="login-scenarios" type="TEARDOWN">
<kw name="Close Browser" library="SeleniumLibrary">
<doc>Closes the current browser.</doc>
<status status="PASS" starttime="20230814 21:35:45.017" endtime="20230814 21:35:47.182"/>
</kw>
<status status="PASS" starttime="20230814 21:35:45.017" endtime="20230814 21:35:47.182"/>
</kw>
<status status="PASS" starttime="20230814 21:35:43.342" endtime="20230814 21:35:47.183"/>
</test>
<test id="s1-t3" name="TC003 - Validando mensagem ao digitar login e senha inválidos" line="16">
<kw name="Dado que eu acesse o site" library="login-scenarios" type="SETUP">
<kw name="Open Browser" library="SeleniumLibrary">
<arg>${URL.sauceDemo}</arg>
<arg>${browser}</arg>
<doc>Opens a new browser instance to the optional ``url``.</doc>
<msg timestamp="20230814 21:35:47.186" level="INFO">Opening browser 'chrome' to base url 'https://www.saucedemo.com/v1/'.</msg>
<status status="PASS" starttime="20230814 21:35:47.185" endtime="20230814 21:35:48.678"/>
</kw>
<status status="PASS" starttime="20230814 21:35:47.185" endtime="20230814 21:35:48.678"/>
</kw>
<kw name="E insira login e senha inválidos" library="login-scenarios">
<kw name="Wait Until Element Is Visible" library="SeleniumLibrary">
<arg>${LOGIN.inpUsername}</arg>
<doc>Waits until the element ``locator`` is visible.</doc>
<status status="PASS" starttime="20230814 21:35:48.680" endtime="20230814 21:35:48.737"/>
</kw>
<kw name="Input Text" library="SeleniumLibrary">
<arg>${LOGIN.inpUsername}</arg>
<arg>${LOGIN.error}</arg>
<doc>Types the given ``text`` into the text field identified by ``locator``.</doc>
<msg timestamp="20230814 21:35:48.737" level="INFO">Typing text 'error' into text field '//*[@name="user-name"]'.</msg>
<status status="PASS" starttime="20230814 21:35:48.737" endtime="20230814 21:35:48.822"/>
</kw>
<kw name="Input Text" library="SeleniumLibrary">
<arg>${LOGIN.inpPassword}</arg>
<arg>${LOGIN.error}</arg>
<doc>Types the given ``text`` into the text field identified by ``locator``.</doc>
<msg timestamp="20230814 21:35:48.823" level="INFO">Typing text 'error' into text field '//*[@name="password"]'.</msg>
<status status="PASS" starttime="20230814 21:35:48.822" endtime="20230814 21:35:48.883"/>
</kw>
<kw name="Click Button" library="SeleniumLibrary">
<arg>${LOGIN.btnLoging}</arg>
<doc>Clicks the button identified by ``locator``.</doc>
<msg timestamp="20230814 21:35:48.884" level="INFO">Clicking button '//*[@id="login-button"]'.</msg>
<status status="PASS" starttime="20230814 21:35:48.883" endtime="20230814 21:35:48.926"/>
</kw>
<kw name="Get Text" library="SeleniumLibrary">
<var>${textValidation}</var>
<arg>${LOGIN.errorText}</arg>
<doc>Returns the text value of the element identified by ``locator``.</doc>
<msg timestamp="20230814 21:35:48.949" level="INFO">${textValidation} = Epic sadface: Username and password do not match any user in this service</msg>
<status status="PASS" starttime="20230814 21:35:48.926" endtime="20230814 21:35:48.949"/>
</kw>
<kw name="Should Contain" library="BuiltIn">
<var>${textValidation}</var>
<arg>${textValidation}</arg>
<arg>${LOGIN_VALIDATIONS.loginError}</arg>
<doc>Fails if ``container`` does not contain ``item`` one or more times.</doc>
<msg timestamp="20230814 21:35:48.950" level="INFO">${textValidation} = None</msg>
<status status="PASS" starttime="20230814 21:35:48.949" endtime="20230814 21:35:48.950"/>
</kw>
<kw name="Capture Page Screenshot" library="SeleniumLibrary">
<arg>${loginScreenShoot}\TC003.jpg</arg>
<doc>Takes a screenshot of the current page and embeds it into a log file.</doc>
<msg timestamp="20230814 21:35:49.024" level="INFO" html="true">&lt;/td&gt;&lt;/tr&gt;&lt;tr&gt;&lt;td colspan="3"&gt;&lt;a href="resultsLoginloginScreenShootsTC003.jpg"&gt;&lt;img src="resultsLoginloginScreenShootsTC003.jpg" width="800px"&gt;&lt;/a&gt;</msg>
<status status="PASS" starttime="20230814 21:35:48.950" endtime="20230814 21:35:49.024"/>
</kw>
<status status="PASS" starttime="20230814 21:35:48.680" endtime="20230814 21:35:49.024"/>
</kw>
<kw name="Fechar Browser" library="login-scenarios" type="TEARDOWN">
<kw name="Close Browser" library="SeleniumLibrary">
<doc>Closes the current browser.</doc>
<status status="PASS" starttime="20230814 21:35:49.025" endtime="20230814 21:35:51.190"/>
</kw>
<status status="PASS" starttime="20230814 21:35:49.024" endtime="20230814 21:35:51.190"/>
</kw>
<status status="PASS" starttime="20230814 21:35:47.185" endtime="20230814 21:35:51.191"/>
</test>
<test id="s1-t4" name="TC004 - Validando Login bloqueado" line="19">
<kw name="Dado que eu acesse o site" library="login-scenarios" type="SETUP">
<kw name="Open Browser" library="SeleniumLibrary">
<arg>${URL.sauceDemo}</arg>
<arg>${browser}</arg>
<doc>Opens a new browser instance to the optional ``url``.</doc>
<msg timestamp="20230814 21:35:51.196" level="INFO">Opening browser 'chrome' to base url 'https://www.saucedemo.com/v1/'.</msg>
<status status="PASS" starttime="20230814 21:35:51.195" endtime="20230814 21:35:52.635"/>
</kw>
<status status="PASS" starttime="20230814 21:35:51.195" endtime="20230814 21:35:52.635"/>
</kw>
<kw name="E insira login e senha válidos - block" library="login-scenarios">
<kw name="Wait Until Element Is Visible" library="SeleniumLibrary">
<arg>${LOGIN.inpUsername}</arg>
<doc>Waits until the element ``locator`` is visible.</doc>
<status status="PASS" starttime="20230814 21:35:52.636" endtime="20230814 21:35:52.666"/>
</kw>
<kw name="Input Text" library="SeleniumLibrary">
<arg>${LOGIN.inpUsername}</arg>
<arg>${LOGIN.userLock}</arg>
<doc>Types the given ``text`` into the text field identified by ``locator``.</doc>
<msg timestamp="20230814 21:35:52.667" level="INFO">Typing text 'locked_out_user' into text field '//*[@name="user-name"]'.</msg>
<status status="PASS" starttime="20230814 21:35:52.666" endtime="20230814 21:35:52.768"/>
</kw>
<kw name="Input Text" library="SeleniumLibrary">
<arg>${LOGIN.inpPassword}</arg>
<arg>${LOGIN.password}</arg>
<doc>Types the given ``text`` into the text field identified by ``locator``.</doc>
<msg timestamp="20230814 21:35:52.770" level="INFO">Typing text 'secret_sauce' into text field '//*[@name="password"]'.</msg>
<status status="PASS" starttime="20230814 21:35:52.768" endtime="20230814 21:35:52.834"/>
</kw>
<kw name="Click Button" library="SeleniumLibrary">
<arg>${LOGIN.btnLoging}</arg>
<doc>Clicks the button identified by ``locator``.</doc>
<msg timestamp="20230814 21:35:52.835" level="INFO">Clicking button '//*[@id="login-button"]'.</msg>
<status status="PASS" starttime="20230814 21:35:52.834" endtime="20230814 21:35:52.878"/>
</kw>
<status status="PASS" starttime="20230814 21:35:52.636" endtime="20230814 21:35:52.878"/>
</kw>
<kw name="E meu login esteja bloqueado" library="login-scenarios">
<kw name="Get Text" library="SeleniumLibrary">
<var>${textValidation}</var>
<arg>${LOGIN.errorText}</arg>
<doc>Returns the text value of the element identified by ``locator``.</doc>
<msg timestamp="20230814 21:35:52.899" level="INFO">${textValidation} = Epic sadface: Sorry, this user has been locked out.</msg>
<status status="PASS" starttime="20230814 21:35:52.878" endtime="20230814 21:35:52.899"/>
</kw>
<kw name="Should Contain" library="BuiltIn">
<var>${textValidation}</var>
<arg>${textValidation}</arg>
<arg>${LOGIN_VALIDATIONS.loginLock}</arg>
<doc>Fails if ``container`` does not contain ``item`` one or more times.</doc>
<msg timestamp="20230814 21:35:52.900" level="INFO">${textValidation} = None</msg>
<status status="PASS" starttime="20230814 21:35:52.899" endtime="20230814 21:35:52.900"/>
</kw>
<kw name="Capture Page Screenshot" library="SeleniumLibrary">
<arg>${loginScreenShoot}\TC004.jpg</arg>
<doc>Takes a screenshot of the current page and embeds it into a log file.</doc>
<msg timestamp="20230814 21:35:52.984" level="INFO" html="true">&lt;/td&gt;&lt;/tr&gt;&lt;tr&gt;&lt;td colspan="3"&gt;&lt;a href="resultsLoginloginScreenShootsTC004.jpg"&gt;&lt;img src="resultsLoginloginScreenShootsTC004.jpg" width="800px"&gt;&lt;/a&gt;</msg>
<status status="PASS" starttime="20230814 21:35:52.900" endtime="20230814 21:35:52.984"/>
</kw>
<status status="PASS" starttime="20230814 21:35:52.878" endtime="20230814 21:35:52.984"/>
</kw>
<kw name="Fechar Browser" library="login-scenarios" type="TEARDOWN">
<kw name="Close Browser" library="SeleniumLibrary">
<doc>Closes the current browser.</doc>
<status status="PASS" starttime="20230814 21:35:52.986" endtime="20230814 21:35:55.155"/>
</kw>
<status status="PASS" starttime="20230814 21:35:52.986" endtime="20230814 21:35:55.155"/>
</kw>
<status status="PASS" starttime="20230814 21:35:51.194" endtime="20230814 21:35:55.155"/>
</test>
<test id="s1-t5" name="TC005 - Validando o login com sucesso" line="23">
<kw name="Dado que eu acesse o site" library="login-scenarios" type="SETUP">
<kw name="Open Browser" library="SeleniumLibrary">
<arg>${URL.sauceDemo}</arg>
<arg>${browser}</arg>
<doc>Opens a new browser instance to the optional ``url``.</doc>
<msg timestamp="20230814 21:35:55.158" level="INFO">Opening browser 'chrome' to base url 'https://www.saucedemo.com/v1/'.</msg>
<status status="PASS" starttime="20230814 21:35:55.158" endtime="20230814 21:35:56.586"/>
</kw>
<status status="PASS" starttime="20230814 21:35:55.157" endtime="20230814 21:35:56.586"/>
</kw>
<kw name="E insira login e senha válidos - success" library="login-scenarios">
<kw name="Wait Until Element Is Visible" library="SeleniumLibrary">
<arg>${LOGIN.inpUsername}</arg>
<doc>Waits until the element ``locator`` is visible.</doc>
<status status="PASS" starttime="20230814 21:35:56.595" endtime="20230814 21:35:56.628"/>
</kw>
<kw name="Input Text" library="SeleniumLibrary">
<arg>${LOGIN.inpUsername}</arg>
<arg>${LOGIN.usernameValid}</arg>
<doc>Types the given ``text`` into the text field identified by ``locator``.</doc>
<msg timestamp="20230814 21:35:56.629" level="INFO">Typing text 'standard_user' into text field '//*[@name="user-name"]'.</msg>
<status status="PASS" starttime="20230814 21:35:56.628" endtime="20230814 21:35:56.733"/>
</kw>
<kw name="Input Text" library="SeleniumLibrary">
<arg>${LOGIN.inpPassword}</arg>
<arg>${LOGIN.password}</arg>
<doc>Types the given ``text`` into the text field identified by ``locator``.</doc>
<msg timestamp="20230814 21:35:56.734" level="INFO">Typing text 'secret_sauce' into text field '//*[@name="password"]'.</msg>
<status status="PASS" starttime="20230814 21:35:56.733" endtime="20230814 21:35:56.798"/>
</kw>
<kw name="Click Button" library="SeleniumLibrary">
<arg>${LOGIN.btnLoging}</arg>
<doc>Clicks the button identified by ``locator``.</doc>
<msg timestamp="20230814 21:35:56.799" level="INFO">Clicking button '//*[@id="login-button"]'.</msg>
<status status="PASS" starttime="20230814 21:35:56.798" endtime="20230814 21:35:57.184"/>
</kw>
<status status="PASS" starttime="20230814 21:35:56.595" endtime="20230814 21:35:57.184"/>
</kw>
<kw name="Então devo entrar na tela de produtos" library="login-scenarios">
<kw name="Wait Until Element Is Visible" library="SeleniumLibrary">
<arg>${PRODUCTS.labelHeader}</arg>
<doc>Waits until the element ``locator`` is visible.</doc>
<status status="PASS" starttime="20230814 21:35:57.184" endtime="20230814 21:35:57.202"/>
</kw>
<kw name="Get Text" library="SeleniumLibrary">
<var>${productsPage}</var>
<arg>${PRODUCTS.labelHeader}</arg>
<doc>Returns the text value of the element identified by ``locator``.</doc>
<msg timestamp="20230814 21:35:57.223" level="INFO">${productsPage} = Products</msg>
<status status="PASS" starttime="20230814 21:35:57.202" endtime="20230814 21:35:57.223"/>
</kw>
<kw name="Should Be Equal" library="BuiltIn">
<arg>${PRODUCTS.labelHeader}</arg>
<arg>products</arg>
<doc>Fails if the given objects are unequal.</doc>
<msg timestamp="20230814 21:35:57.223" level="FAIL">//*[@id="inventory_filter_container"]/div != products</msg>
<status status="FAIL" starttime="20230814 21:35:57.223" endtime="20230814 21:35:57.224"/>
</kw>
<kw name="Capture Page Screenshot" library="SeleniumLibrary">
<arg>${loginScreenShoot}\TC005.jpg</arg>
<doc>Takes a screenshot of the current page and embeds it into a log file.</doc>
<status status="NOT RUN" starttime="20230814 21:35:57.224" endtime="20230814 21:35:57.224"/>
</kw>
<status status="FAIL" starttime="20230814 21:35:57.184" endtime="20230814 21:35:57.224"/>
</kw>
<kw name="Fechar Browser" library="login-scenarios" type="TEARDOWN">
<kw name="Close Browser" library="SeleniumLibrary">
<doc>Closes the current browser.</doc>
<status status="PASS" starttime="20230814 21:35:57.224" endtime="20230814 21:35:59.497"/>
</kw>
<status status="PASS" starttime="20230814 21:35:57.224" endtime="20230814 21:35:59.497"/>
</kw>
<status status="FAIL" starttime="20230814 21:35:55.157" endtime="20230814 21:35:59.497">//*[@id="inventory_filter_container"]/div != products</status>
</test>
<status status="FAIL" starttime="20230814 21:35:38.737" endtime="20230814 21:35:59.499"/>
</suite>
<statistics>
<total>
<stat pass="4" fail="1" skip="0">All Tests</stat>
</total>
<tag>
</tag>
<suite>
<stat pass="4" fail="1" skip="0" id="s1" name="Testing">Testing</stat>
</suite>
</statistics>
<errors>
</errors>
</robot>
