<?xml version="1.0" encoding="UTF-8"?>
<robot generator="Robot 6.1.1 (Python 3.11.4 on win32)" generated="20230909 11:35:44.612" rpa="false" schemaversion="4">
<suite id="s1" name="Login-Tests" source="C:\Users\Lenovo\Documents\Projetos TI\Robot Framework\WebAutomationTesting\test-cases\login-tests.robot">
<test id="s1-t1" name="TC001 - Validando mensagem login erro ao não digitar usuário" line="10">
<kw name="Dado que eu acesse o site" library="login-scenarios" type="SETUP">
<kw name="Open Browser" library="SeleniumLibrary">
<arg>${URL.sauceDemo}</arg>
<arg>${browser}</arg>
<doc>Opens a new browser instance to the optional ``url``.</doc>
<msg timestamp="20230909 11:35:44.762" level="INFO">Opening browser 'chrome' to base url 'https://www.saucedemo.com/v1/'.</msg>
<status status="PASS" starttime="20230909 11:35:44.761" endtime="20230909 11:35:46.097"/>
</kw>
<status status="PASS" starttime="20230909 11:35:44.761" endtime="20230909 11:35:46.097"/>
</kw>
<kw name="E não insira login nem Senha" library="login-scenarios">
<kw name="Wait Until Element Is Visible" library="SeleniumLibrary">
<arg>${LOGIN.btnLoging}</arg>
<doc>Waits until the element ``locator`` is visible.</doc>
<status status="PASS" starttime="20230909 11:35:46.098" endtime="20230909 11:35:46.127"/>
</kw>
<kw name="Click Button" library="SeleniumLibrary">
<arg>${LOGIN.btnLoging}</arg>
<doc>Clicks the button identified by ``locator``.</doc>
<msg timestamp="20230909 11:35:46.128" level="INFO">Clicking button '//*[@id="login-button"]'.</msg>
<status status="PASS" starttime="20230909 11:35:46.127" endtime="20230909 11:35:46.181"/>
</kw>
<kw name="Get Text" library="SeleniumLibrary">
<var>${textValidation}</var>
<arg>${LOGIN.errorText}</arg>
<doc>Returns the text value of the element identified by ``locator``.</doc>
<msg timestamp="20230909 11:35:46.206" level="INFO">${textValidation} = Epic sadface: Username is required</msg>
<status status="PASS" starttime="20230909 11:35:46.181" endtime="20230909 11:35:46.206"/>
</kw>
<kw name="Should Contain" library="BuiltIn">
<var>${textValidation}</var>
<arg>${textValidation}</arg>
<arg>${LOGIN_VALIDATIONS.errorUsername}</arg>
<doc>Fails if ``container`` does not contain ``item`` one or more times.</doc>
<msg timestamp="20230909 11:35:46.207" level="INFO">${textValidation} = None</msg>
<status status="PASS" starttime="20230909 11:35:46.206" endtime="20230909 11:35:46.207"/>
</kw>
<kw name="Capture Page Screenshot" library="SeleniumLibrary">
<arg>${loginScreenShoot}\TC001.jpg</arg>
<doc>Takes a screenshot of the current page and embeds it into a log file.</doc>
<msg timestamp="20230909 11:35:46.277" level="INFO" html="true">&lt;/td&gt;&lt;/tr&gt;&lt;tr&gt;&lt;td colspan="3"&gt;&lt;a href="resultsLoginloginScreenShootsTC001.jpg"&gt;&lt;img src="resultsLoginloginScreenShootsTC001.jpg" width="800px"&gt;&lt;/a&gt;</msg>
<msg timestamp="20230909 11:35:46.277" level="INFO">C:\Users\Lenovo\AppData\Local\Programs\Python\Python311\Lib\site-packages\selenium\webdriver\remote\webdriver.py:889: UserWarning: name used for saved screenshot does not match file type. It should end with a `.png` extension
  warnings.warn(</msg>
<status status="PASS" starttime="20230909 11:35:46.207" endtime="20230909 11:35:46.278"/>
</kw>
<status status="PASS" starttime="20230909 11:35:46.098" endtime="20230909 11:35:46.278"/>
</kw>
<kw name="Fechar Browser" library="login-scenarios" type="TEARDOWN">
<kw name="Close Browser" library="SeleniumLibrary">
<doc>Closes the current browser.</doc>
<status status="PASS" starttime="20230909 11:35:46.279" endtime="20230909 11:35:48.524"/>
</kw>
<status status="PASS" starttime="20230909 11:35:46.278" endtime="20230909 11:35:48.524"/>
</kw>
<status status="PASS" starttime="20230909 11:35:44.760" endtime="20230909 11:35:48.524"/>
</test>
<test id="s1-t2" name="TC002 - Validando mensagem de login erro ao não digitar senha" line="13">
<kw name="Dado que eu acesse o site" library="login-scenarios" type="SETUP">
<kw name="Open Browser" library="SeleniumLibrary">
<arg>${URL.sauceDemo}</arg>
<arg>${browser}</arg>
<doc>Opens a new browser instance to the optional ``url``.</doc>
<msg timestamp="20230909 11:35:48.529" level="INFO">Opening browser 'chrome' to base url 'https://www.saucedemo.com/v1/'.</msg>
<status status="PASS" starttime="20230909 11:35:48.528" endtime="20230909 11:35:49.846"/>
</kw>
<status status="PASS" starttime="20230909 11:35:48.527" endtime="20230909 11:35:49.846"/>
</kw>
<kw name="E insira login e não insira senha" library="login-scenarios">
<kw name="Wait Until Element Is Visible" library="SeleniumLibrary">
<arg>${LOGIN.inpUsername}</arg>
<doc>Waits until the element ``locator`` is visible.</doc>
<status status="PASS" starttime="20230909 11:35:49.848" endtime="20230909 11:35:49.878"/>
</kw>
<kw name="Input Text" library="SeleniumLibrary">
<arg>${LOGIN.inpUsername}</arg>
<arg>${LOGIN.usernameValid}</arg>
<doc>Types the given ``text`` into the text field identified by ``locator``.</doc>
<msg timestamp="20230909 11:35:49.879" level="INFO">Typing text 'standard_user' into text field '//*[@name="user-name"]'.</msg>
<status status="PASS" starttime="20230909 11:35:49.878" endtime="20230909 11:35:49.978"/>
</kw>
<kw name="Click Button" library="SeleniumLibrary">
<arg>${LOGIN.btnLoging}</arg>
<doc>Clicks the button identified by ``locator``.</doc>
<msg timestamp="20230909 11:35:49.979" level="INFO">Clicking button '//*[@id="login-button"]'.</msg>
<status status="PASS" starttime="20230909 11:35:49.978" endtime="20230909 11:35:50.028"/>
</kw>
<kw name="Get Text" library="SeleniumLibrary">
<var>${textValidation}</var>
<arg>${LOGIN.errorText}</arg>
<doc>Returns the text value of the element identified by ``locator``.</doc>
<msg timestamp="20230909 11:35:50.053" level="INFO">${textValidation} = Epic sadface: Password is required</msg>
<status status="PASS" starttime="20230909 11:35:50.029" endtime="20230909 11:35:50.053"/>
</kw>
<kw name="Should Contain" library="BuiltIn">
<var>${textValidation}</var>
<arg>${textValidation}</arg>
<arg>${LOGIN_VALIDATIONS.errorPassword}</arg>
<doc>Fails if ``container`` does not contain ``item`` one or more times.</doc>
<msg timestamp="20230909 11:35:50.054" level="INFO">${textValidation} = None</msg>
<status status="PASS" starttime="20230909 11:35:50.053" endtime="20230909 11:35:50.054"/>
</kw>
<kw name="Capture Page Screenshot" library="SeleniumLibrary">
<arg>${loginScreenShoot}TC002.jpg</arg>
<doc>Takes a screenshot of the current page and embeds it into a log file.</doc>
<msg timestamp="20230909 11:35:50.139" level="INFO" html="true">&lt;/td&gt;&lt;/tr&gt;&lt;tr&gt;&lt;td colspan="3"&gt;&lt;a href="resultsLoginloginScreenShootsTC002.jpg"&gt;&lt;img src="resultsLoginloginScreenShootsTC002.jpg" width="800px"&gt;&lt;/a&gt;</msg>
<status status="PASS" starttime="20230909 11:35:50.054" endtime="20230909 11:35:50.139"/>
</kw>
<status status="PASS" starttime="20230909 11:35:49.847" endtime="20230909 11:35:50.140"/>
</kw>
<kw name="Fechar Browser" library="login-scenarios" type="TEARDOWN">
<kw name="Close Browser" library="SeleniumLibrary">
<doc>Closes the current browser.</doc>
<status status="PASS" starttime="20230909 11:35:50.140" endtime="20230909 11:35:52.284"/>
</kw>
<status status="PASS" starttime="20230909 11:35:50.140" endtime="20230909 11:35:52.284"/>
</kw>
<status status="PASS" starttime="20230909 11:35:48.525" endtime="20230909 11:35:52.284"/>
</test>
<test id="s1-t3" name="TC003 - Validando mensagem ao digitar login e senha inválidos" line="16">
<kw name="Dado que eu acesse o site" library="login-scenarios" type="SETUP">
<kw name="Open Browser" library="SeleniumLibrary">
<arg>${URL.sauceDemo}</arg>
<arg>${browser}</arg>
<doc>Opens a new browser instance to the optional ``url``.</doc>
<msg timestamp="20230909 11:35:52.291" level="INFO">Opening browser 'chrome' to base url 'https://www.saucedemo.com/v1/'.</msg>
<status status="PASS" starttime="20230909 11:35:52.289" endtime="20230909 11:35:53.672"/>
</kw>
<status status="PASS" starttime="20230909 11:35:52.289" endtime="20230909 11:35:53.672"/>
</kw>
<kw name="E insira login e senha inválidos" library="login-scenarios">
<kw name="Wait Until Element Is Visible" library="SeleniumLibrary">
<arg>${LOGIN.inpUsername}</arg>
<doc>Waits until the element ``locator`` is visible.</doc>
<status status="PASS" starttime="20230909 11:35:53.672" endtime="20230909 11:35:53.693"/>
</kw>
<kw name="Input Text" library="SeleniumLibrary">
<arg>${LOGIN.inpUsername}</arg>
<arg>${LOGIN.error}</arg>
<doc>Types the given ``text`` into the text field identified by ``locator``.</doc>
<msg timestamp="20230909 11:35:53.694" level="INFO">Typing text 'error' into text field '//*[@name="user-name"]'.</msg>
<status status="PASS" starttime="20230909 11:35:53.693" endtime="20230909 11:35:53.777"/>
</kw>
<kw name="Input Text" library="SeleniumLibrary">
<arg>${LOGIN.inpPassword}</arg>
<arg>${LOGIN.error}</arg>
<doc>Types the given ``text`` into the text field identified by ``locator``.</doc>
<msg timestamp="20230909 11:35:53.779" level="INFO">Typing text 'error' into text field '//*[@name="password"]'.</msg>
<status status="PASS" starttime="20230909 11:35:53.777" endtime="20230909 11:35:53.848"/>
</kw>
<kw name="Click Button" library="SeleniumLibrary">
<arg>${LOGIN.btnLoging}</arg>
<doc>Clicks the button identified by ``locator``.</doc>
<msg timestamp="20230909 11:35:53.849" level="INFO">Clicking button '//*[@id="login-button"]'.</msg>
<status status="PASS" starttime="20230909 11:35:53.849" endtime="20230909 11:35:53.895"/>
</kw>
<kw name="Get Text" library="SeleniumLibrary">
<var>${textValidation}</var>
<arg>${LOGIN.errorText}</arg>
<doc>Returns the text value of the element identified by ``locator``.</doc>
<msg timestamp="20230909 11:35:53.921" level="INFO">${textValidation} = Epic sadface: Username and password do not match any user in this service</msg>
<status status="PASS" starttime="20230909 11:35:53.895" endtime="20230909 11:35:53.921"/>
</kw>
<kw name="Should Contain" library="BuiltIn">
<var>${textValidation}</var>
<arg>${textValidation}</arg>
<arg>${LOGIN_VALIDATIONS.loginError}</arg>
<doc>Fails if ``container`` does not contain ``item`` one or more times.</doc>
<msg timestamp="20230909 11:35:53.921" level="INFO">${textValidation} = None</msg>
<status status="PASS" starttime="20230909 11:35:53.921" endtime="20230909 11:35:53.921"/>
</kw>
<kw name="Capture Page Screenshot" library="SeleniumLibrary">
<arg>${loginScreenShoot}\TC003.jpg</arg>
<doc>Takes a screenshot of the current page and embeds it into a log file.</doc>
<msg timestamp="20230909 11:35:53.984" level="INFO" html="true">&lt;/td&gt;&lt;/tr&gt;&lt;tr&gt;&lt;td colspan="3"&gt;&lt;a href="resultsLoginloginScreenShootsTC003.jpg"&gt;&lt;img src="resultsLoginloginScreenShootsTC003.jpg" width="800px"&gt;&lt;/a&gt;</msg>
<status status="PASS" starttime="20230909 11:35:53.921" endtime="20230909 11:35:53.984"/>
</kw>
<status status="PASS" starttime="20230909 11:35:53.672" endtime="20230909 11:35:53.984"/>
</kw>
<kw name="Fechar Browser" library="login-scenarios" type="TEARDOWN">
<kw name="Close Browser" library="SeleniumLibrary">
<doc>Closes the current browser.</doc>
<status status="PASS" starttime="20230909 11:35:53.985" endtime="20230909 11:35:56.122"/>
</kw>
<status status="PASS" starttime="20230909 11:35:53.985" endtime="20230909 11:35:56.123"/>
</kw>
<status status="PASS" starttime="20230909 11:35:52.287" endtime="20230909 11:35:56.124"/>
</test>
<test id="s1-t4" name="TC004 - Validando Login bloqueado" line="19">
<kw name="Dado que eu acesse o site" library="login-scenarios" type="SETUP">
<kw name="Open Browser" library="SeleniumLibrary">
<arg>${URL.sauceDemo}</arg>
<arg>${browser}</arg>
<doc>Opens a new browser instance to the optional ``url``.</doc>
<msg timestamp="20230909 11:35:56.130" level="INFO">Opening browser 'chrome' to base url 'https://www.saucedemo.com/v1/'.</msg>
<status status="PASS" starttime="20230909 11:35:56.128" endtime="20230909 11:35:57.673"/>
</kw>
<status status="PASS" starttime="20230909 11:35:56.127" endtime="20230909 11:35:57.673"/>
</kw>
<kw name="E insira login e senha válidos - block" library="login-scenarios">
<kw name="Wait Until Element Is Visible" library="SeleniumLibrary">
<arg>${LOGIN.inpUsername}</arg>
<doc>Waits until the element ``locator`` is visible.</doc>
<status status="PASS" starttime="20230909 11:35:57.673" endtime="20230909 11:35:57.705"/>
</kw>
<kw name="Input Text" library="SeleniumLibrary">
<arg>${LOGIN.inpUsername}</arg>
<arg>${LOGIN.userLock}</arg>
<doc>Types the given ``text`` into the text field identified by ``locator``.</doc>
<msg timestamp="20230909 11:35:57.706" level="INFO">Typing text 'locked_out_user' into text field '//*[@name="user-name"]'.</msg>
<status status="PASS" starttime="20230909 11:35:57.705" endtime="20230909 11:35:57.798"/>
</kw>
<kw name="Input Text" library="SeleniumLibrary">
<arg>${LOGIN.inpPassword}</arg>
<arg>${LOGIN.password}</arg>
<doc>Types the given ``text`` into the text field identified by ``locator``.</doc>
<msg timestamp="20230909 11:35:57.799" level="INFO">Typing text 'secret_sauce' into text field '//*[@name="password"]'.</msg>
<status status="PASS" starttime="20230909 11:35:57.798" endtime="20230909 11:35:57.863"/>
</kw>
<kw name="Click Button" library="SeleniumLibrary">
<arg>${LOGIN.btnLoging}</arg>
<doc>Clicks the button identified by ``locator``.</doc>
<msg timestamp="20230909 11:35:57.864" level="INFO">Clicking button '//*[@id="login-button"]'.</msg>
<status status="PASS" starttime="20230909 11:35:57.863" endtime="20230909 11:35:57.904"/>
</kw>
<status status="PASS" starttime="20230909 11:35:57.673" endtime="20230909 11:35:57.904"/>
</kw>
<kw name="E meu login esteja bloqueado" library="login-scenarios">
<kw name="Get Text" library="SeleniumLibrary">
<var>${textValidation}</var>
<arg>${LOGIN.errorText}</arg>
<doc>Returns the text value of the element identified by ``locator``.</doc>
<msg timestamp="20230909 11:35:57.924" level="INFO">${textValidation} = Epic sadface: Sorry, this user has been locked out.</msg>
<status status="PASS" starttime="20230909 11:35:57.905" endtime="20230909 11:35:57.924"/>
</kw>
<kw name="Should Contain" library="BuiltIn">
<var>${textValidation}</var>
<arg>${textValidation}</arg>
<arg>${LOGIN_VALIDATIONS.loginLock}</arg>
<doc>Fails if ``container`` does not contain ``item`` one or more times.</doc>
<msg timestamp="20230909 11:35:57.925" level="INFO">${textValidation} = None</msg>
<status status="PASS" starttime="20230909 11:35:57.924" endtime="20230909 11:35:57.925"/>
</kw>
<kw name="Capture Page Screenshot" library="SeleniumLibrary">
<arg>${loginScreenShoot}\TC004.jpg</arg>
<doc>Takes a screenshot of the current page and embeds it into a log file.</doc>
<msg timestamp="20230909 11:35:58.015" level="INFO" html="true">&lt;/td&gt;&lt;/tr&gt;&lt;tr&gt;&lt;td colspan="3"&gt;&lt;a href="resultsLoginloginScreenShootsTC004.jpg"&gt;&lt;img src="resultsLoginloginScreenShootsTC004.jpg" width="800px"&gt;&lt;/a&gt;</msg>
<status status="PASS" starttime="20230909 11:35:57.925" endtime="20230909 11:35:58.015"/>
</kw>
<status status="PASS" starttime="20230909 11:35:57.905" endtime="20230909 11:35:58.015"/>
</kw>
<kw name="Fechar Browser" library="login-scenarios" type="TEARDOWN">
<kw name="Close Browser" library="SeleniumLibrary">
<doc>Closes the current browser.</doc>
<status status="PASS" starttime="20230909 11:35:58.016" endtime="20230909 11:36:00.134"/>
</kw>
<status status="PASS" starttime="20230909 11:35:58.016" endtime="20230909 11:36:00.134"/>
</kw>
<status status="PASS" starttime="20230909 11:35:56.127" endtime="20230909 11:36:00.135"/>
</test>
<test id="s1-t5" name="TC005 - Validando o login com sucesso" line="23">
<kw name="Dado que eu acesse o site" library="login-scenarios" type="SETUP">
<kw name="Open Browser" library="SeleniumLibrary">
<arg>${URL.sauceDemo}</arg>
<arg>${browser}</arg>
<doc>Opens a new browser instance to the optional ``url``.</doc>
<msg timestamp="20230909 11:36:00.141" level="INFO">Opening browser 'chrome' to base url 'https://www.saucedemo.com/v1/'.</msg>
<status status="PASS" starttime="20230909 11:36:00.139" endtime="20230909 11:36:01.482"/>
</kw>
<status status="PASS" starttime="20230909 11:36:00.139" endtime="20230909 11:36:01.482"/>
</kw>
<kw name="E insira login e senha válidos - success" library="login-scenarios">
<kw name="Wait Until Element Is Visible" library="SeleniumLibrary">
<arg>${LOGIN.inpUsername}</arg>
<doc>Waits until the element ``locator`` is visible.</doc>
<status status="PASS" starttime="20230909 11:36:01.482" endtime="20230909 11:36:01.511"/>
</kw>
<kw name="Input Text" library="SeleniumLibrary">
<arg>${LOGIN.inpUsername}</arg>
<arg>${LOGIN.usernameValid}</arg>
<doc>Types the given ``text`` into the text field identified by ``locator``.</doc>
<msg timestamp="20230909 11:36:01.511" level="INFO">Typing text 'standard_user' into text field '//*[@name="user-name"]'.</msg>
<status status="PASS" starttime="20230909 11:36:01.511" endtime="20230909 11:36:01.601"/>
</kw>
<kw name="Input Text" library="SeleniumLibrary">
<arg>${LOGIN.inpPassword}</arg>
<arg>${LOGIN.password}</arg>
<doc>Types the given ``text`` into the text field identified by ``locator``.</doc>
<msg timestamp="20230909 11:36:01.602" level="INFO">Typing text 'secret_sauce' into text field '//*[@name="password"]'.</msg>
<status status="PASS" starttime="20230909 11:36:01.601" endtime="20230909 11:36:01.675"/>
</kw>
<kw name="Click Button" library="SeleniumLibrary">
<arg>${LOGIN.btnLoging}</arg>
<doc>Clicks the button identified by ``locator``.</doc>
<msg timestamp="20230909 11:36:01.676" level="INFO">Clicking button '//*[@id="login-button"]'.</msg>
<status status="PASS" starttime="20230909 11:36:01.675" endtime="20230909 11:36:02.181"/>
</kw>
<status status="PASS" starttime="20230909 11:36:01.482" endtime="20230909 11:36:02.181"/>
</kw>
<kw name="Então devo entrar na tela de produtos" library="login-scenarios">
<kw name="Wait Until Element Is Visible" library="SeleniumLibrary">
<arg>${PRODUCTS.labelHeader}</arg>
<doc>Waits until the element ``locator`` is visible.</doc>
<status status="PASS" starttime="20230909 11:36:02.181" endtime="20230909 11:36:02.208"/>
</kw>
<kw name="Get Text" library="SeleniumLibrary">
<var>${productsPage}</var>
<arg>${PRODUCTS.labelHeader}</arg>
<doc>Returns the text value of the element identified by ``locator``.</doc>
<msg timestamp="20230909 11:36:02.238" level="INFO">${productsPage} = Products</msg>
<status status="PASS" starttime="20230909 11:36:02.209" endtime="20230909 11:36:02.238"/>
</kw>
<kw name="Log To Console" library="BuiltIn">
<arg>${productsPage}</arg>
<doc>Logs the given message to the console.</doc>
<status status="PASS" starttime="20230909 11:36:02.238" endtime="20230909 11:36:02.238"/>
</kw>
<kw name="Should Be Equal" library="BuiltIn">
<arg>${productsPage}</arg>
<arg>Products</arg>
<doc>Fails if the given objects are unequal.</doc>
<status status="PASS" starttime="20230909 11:36:02.239" endtime="20230909 11:36:02.239"/>
</kw>
<kw name="Capture Page Screenshot" library="SeleniumLibrary">
<arg>${loginScreenShoot}\TC005.jpg</arg>
<doc>Takes a screenshot of the current page and embeds it into a log file.</doc>
<msg timestamp="20230909 11:36:02.354" level="INFO" html="true">&lt;/td&gt;&lt;/tr&gt;&lt;tr&gt;&lt;td colspan="3"&gt;&lt;a href="resultsLoginloginScreenShootsTC005.jpg"&gt;&lt;img src="resultsLoginloginScreenShootsTC005.jpg" width="800px"&gt;&lt;/a&gt;</msg>
<status status="PASS" starttime="20230909 11:36:02.239" endtime="20230909 11:36:02.354"/>
</kw>
<status status="PASS" starttime="20230909 11:36:02.181" endtime="20230909 11:36:02.354"/>
</kw>
<kw name="Fechar Browser" library="login-scenarios" type="TEARDOWN">
<kw name="Close Browser" library="SeleniumLibrary">
<doc>Closes the current browser.</doc>
<status status="PASS" starttime="20230909 11:36:02.356" endtime="20230909 11:36:04.575"/>
</kw>
<status status="PASS" starttime="20230909 11:36:02.356" endtime="20230909 11:36:04.575"/>
</kw>
<status status="PASS" starttime="20230909 11:36:00.137" endtime="20230909 11:36:04.575"/>
</test>
<status status="PASS" starttime="20230909 11:35:44.613" endtime="20230909 11:36:04.577"/>
</suite>
<statistics>
<total>
<stat pass="5" fail="0" skip="0">All Tests</stat>
</total>
<tag>
</tag>
<suite>
<stat pass="5" fail="0" skip="0" id="s1" name="Login-Tests">Login-Tests</stat>
</suite>
</statistics>
<errors>
</errors>
</robot>
