<?xml version="1.0" encoding="UTF-8"?>
<robot generator="Robot 6.1.1 (Python 3.11.4 on win32)" generated="20230909 11:37:06.161" rpa="false" schemaversion="4">
<suite id="s1" name="Home-Page" source="C:\Users\Lenovo\Documents\Projetos TI\Robot Framework\WebAutomationTesting\test-cases\home-page.robot">
<test id="s1-t1" name="TC005 - Validando o login com sucesso" line="10">
<kw name="Dado que eu acesse o site" library="login-scenarios" type="SETUP">
<kw name="Open Browser" library="SeleniumLibrary">
<arg>${URL.sauceDemo}</arg>
<arg>${browser}</arg>
<doc>Opens a new browser instance to the optional ``url``.</doc>
<msg timestamp="20230909 11:37:06.395" level="INFO">Opening browser 'chrome' to base url 'https://www.saucedemo.com/v1/'.</msg>
<status status="PASS" starttime="20230909 11:37:06.394" endtime="20230909 11:37:07.767"/>
</kw>
<status status="PASS" starttime="20230909 11:37:06.394" endtime="20230909 11:37:07.767"/>
</kw>
<kw name="E insira login e senha válidos - success" library="login-scenarios">
<kw name="Wait Until Element Is Visible" library="SeleniumLibrary">
<arg>${LOGIN.inpUsername}</arg>
<doc>Waits until the element ``locator`` is visible.</doc>
<status status="PASS" starttime="20230909 11:37:07.767" endtime="20230909 11:37:07.804"/>
</kw>
<kw name="Input Text" library="SeleniumLibrary">
<arg>${LOGIN.inpUsername}</arg>
<arg>${LOGIN.usernameValid}</arg>
<doc>Types the given ``text`` into the text field identified by ``locator``.</doc>
<msg timestamp="20230909 11:37:07.807" level="INFO">Typing text 'standard_user' into text field '//*[@name="user-name"]'.</msg>
<status status="PASS" starttime="20230909 11:37:07.805" endtime="20230909 11:37:07.902"/>
</kw>
<kw name="Input Text" library="SeleniumLibrary">
<arg>${LOGIN.inpPassword}</arg>
<arg>${LOGIN.password}</arg>
<doc>Types the given ``text`` into the text field identified by ``locator``.</doc>
<msg timestamp="20230909 11:37:07.903" level="INFO">Typing text 'secret_sauce' into text field '//*[@name="password"]'.</msg>
<status status="PASS" starttime="20230909 11:37:07.902" endtime="20230909 11:37:08.014"/>
</kw>
<kw name="Click Button" library="SeleniumLibrary">
<arg>${LOGIN.btnLoging}</arg>
<doc>Clicks the button identified by ``locator``.</doc>
<msg timestamp="20230909 11:37:08.015" level="INFO">Clicking button '//*[@id="login-button"]'.</msg>
<status status="PASS" starttime="20230909 11:37:08.014" endtime="20230909 11:37:08.236"/>
</kw>
<status status="PASS" starttime="20230909 11:37:07.767" endtime="20230909 11:37:08.236"/>
</kw>
<kw name="Então devo entrar na tela de produtos" library="login-scenarios">
<kw name="Wait Until Element Is Visible" library="SeleniumLibrary">
<arg>${PRODUCTS.labelHeader}</arg>
<doc>Waits until the element ``locator`` is visible.</doc>
<status status="PASS" starttime="20230909 11:37:08.236" endtime="20230909 11:37:08.263"/>
</kw>
<kw name="Get Text" library="SeleniumLibrary">
<var>${productsPage}</var>
<arg>${PRODUCTS.labelHeader}</arg>
<doc>Returns the text value of the element identified by ``locator``.</doc>
<msg timestamp="20230909 11:37:08.278" level="INFO">${productsPage} = Products</msg>
<status status="PASS" starttime="20230909 11:37:08.263" endtime="20230909 11:37:08.278"/>
</kw>
<kw name="Log To Console" library="BuiltIn">
<arg>${productsPage}</arg>
<doc>Logs the given message to the console.</doc>
<status status="PASS" starttime="20230909 11:37:08.278" endtime="20230909 11:37:08.278"/>
</kw>
<kw name="Should Be Equal" library="BuiltIn">
<arg>${productsPage}</arg>
<arg>Products</arg>
<doc>Fails if the given objects are unequal.</doc>
<status status="PASS" starttime="20230909 11:37:08.278" endtime="20230909 11:37:08.279"/>
</kw>
<kw name="Capture Page Screenshot" library="SeleniumLibrary">
<arg>${loginScreenShoot}\TC005.jpg</arg>
<doc>Takes a screenshot of the current page and embeds it into a log file.</doc>
<msg timestamp="20230909 11:37:08.450" level="INFO" html="true">&lt;/td&gt;&lt;/tr&gt;&lt;tr&gt;&lt;td colspan="3"&gt;&lt;a href="resultsLoginloginScreenShootsTC005.jpg"&gt;&lt;img src="resultsLoginloginScreenShootsTC005.jpg" width="800px"&gt;&lt;/a&gt;</msg>
<msg timestamp="20230909 11:37:08.451" level="INFO">C:\Users\Lenovo\AppData\Local\Programs\Python\Python311\Lib\site-packages\selenium\webdriver\remote\webdriver.py:889: UserWarning: name used for saved screenshot does not match file type. It should end with a `.png` extension
  warnings.warn(</msg>
<status status="PASS" starttime="20230909 11:37:08.279" endtime="20230909 11:37:08.451"/>
</kw>
<status status="PASS" starttime="20230909 11:37:08.236" endtime="20230909 11:37:08.451"/>
</kw>
<kw name="Fechar Browser" library="login-scenarios" type="TEARDOWN">
<kw name="Close Browser" library="SeleniumLibrary">
<doc>Closes the current browser.</doc>
<status status="PASS" starttime="20230909 11:37:08.452" endtime="20230909 11:37:10.671"/>
</kw>
<status status="PASS" starttime="20230909 11:37:08.452" endtime="20230909 11:37:10.671"/>
</kw>
<status status="PASS" starttime="20230909 11:37:06.393" endtime="20230909 11:37:10.672"/>
</test>
<status status="PASS" starttime="20230909 11:37:06.166" endtime="20230909 11:37:10.675"/>
</suite>
<statistics>
<total>
<stat pass="1" fail="0" skip="0">All Tests</stat>
</total>
<tag>
</tag>
<suite>
<stat pass="1" fail="0" skip="0" id="s1" name="Home-Page">Home-Page</stat>
</suite>
</statistics>
<errors>
</errors>
</robot>
