<?xml version="1.0" encoding="UTF-8"?>
<robot generator="Robot 6.1.1 (Python 3.11.4 on win32)" generated="20230909 11:28:51.994" rpa="false" schemaversion="4">
<suite id="s1" name="Test-Cases" source="C:\Users\Lenovo\Documents\Projetos TI\Robot Framework\WebAutomationTesting\test-cases">
<suite id="s1-s1" name="Home-Page" source="C:\Users\Lenovo\Documents\Projetos TI\Robot Framework\WebAutomationTesting\test-cases\home-page.robot">
<test id="s1-s1-t1" name="TC005 - Validando o login com sucesso" line="10">
<kw name="Dado que eu acesse o site" library="login-scenarios" type="SETUP">
<kw name="Open Browser" library="SeleniumLibrary">
<arg>${URL.sauceDemo}</arg>
<arg>${browser}</arg>
<doc>Opens a new browser instance to the optional ``url``.</doc>
<msg timestamp="20230909 11:28:52.153" level="INFO">Opening browser 'chrome' to base url 'https://www.saucedemo.com/v1/'.</msg>
<status status="PASS" starttime="20230909 11:28:52.152" endtime="20230909 11:28:53.688"/>
</kw>
<status status="PASS" starttime="20230909 11:28:52.152" endtime="20230909 11:28:53.688"/>
</kw>
<kw name="E insira login e senha válidos - success" library="login-scenarios">
<kw name="Wait Until Element Is Visible" library="SeleniumLibrary">
<arg>${LOGIN.inpUsername}</arg>
<doc>Waits until the element ``locator`` is visible.</doc>
<status status="PASS" starttime="20230909 11:28:53.689" endtime="20230909 11:28:53.719"/>
</kw>
<kw name="Input Text" library="SeleniumLibrary">
<arg>${LOGIN.inpUsername}</arg>
<arg>${LOGIN.usernameValid}</arg>
<doc>Types the given ``text`` into the text field identified by ``locator``.</doc>
<msg timestamp="20230909 11:28:53.720" level="INFO">Typing text 'standard_user' into text field '//*[@name="user-name"]'.</msg>
<status status="PASS" starttime="20230909 11:28:53.719" endtime="20230909 11:28:53.817"/>
</kw>
<kw name="Input Text" library="SeleniumLibrary">
<arg>${LOGIN.inpPassword}</arg>
<arg>${LOGIN.password}</arg>
<doc>Types the given ``text`` into the text field identified by ``locator``.</doc>
<msg timestamp="20230909 11:28:53.819" level="INFO">Typing text 'secret_sauce' into text field '//*[@name="password"]'.</msg>
<status status="PASS" starttime="20230909 11:28:53.817" endtime="20230909 11:28:53.878"/>
</kw>
<kw name="Click Button" library="SeleniumLibrary">
<arg>${LOGIN.btnLoging}</arg>
<doc>Clicks the button identified by ``locator``.</doc>
<msg timestamp="20230909 11:28:53.879" level="INFO">Clicking button '//*[@id="login-button"]'.</msg>
<status status="PASS" starttime="20230909 11:28:53.878" endtime="20230909 11:28:54.099"/>
</kw>
<status status="PASS" starttime="20230909 11:28:53.688" endtime="20230909 11:28:54.099"/>
</kw>
<kw name="Então devo entrar na tela de produtos" library="login-scenarios">
<kw name="Wait Until Element Is Visible" library="SeleniumLibrary">
<arg>${PRODUCTS.labelHeader}</arg>
<doc>Waits until the element ``locator`` is visible.</doc>
<status status="PASS" starttime="20230909 11:28:54.099" endtime="20230909 11:28:54.121"/>
</kw>
<kw name="Get Text" library="SeleniumLibrary">
<var>${productsPage}</var>
<arg>${PRODUCTS.labelHeader}</arg>
<doc>Returns the text value of the element identified by ``locator``.</doc>
<msg timestamp="20230909 11:28:54.140" level="INFO">${productsPage} = Products</msg>
<status status="PASS" starttime="20230909 11:28:54.121" endtime="20230909 11:28:54.140"/>
</kw>
<kw name="Log To Console" library="BuiltIn">
<arg>${productsPage}</arg>
<doc>Logs the given message to the console.</doc>
<status status="PASS" starttime="20230909 11:28:54.141" endtime="20230909 11:28:54.142"/>
</kw>
<kw name="Should Be Equal" library="BuiltIn">
<arg>${productsPage}</arg>
<arg>Products</arg>
<doc>Fails if the given objects are unequal.</doc>
<status status="PASS" starttime="20230909 11:28:54.142" endtime="20230909 11:28:54.142"/>
</kw>
<kw name="Capture Page Screenshot" library="SeleniumLibrary">
<arg>${loginScreenShoot}\TC005.jpg</arg>
<doc>Takes a screenshot of the current page and embeds it into a log file.</doc>
<msg timestamp="20230909 11:28:54.314" level="INFO" html="true">&lt;/td&gt;&lt;/tr&gt;&lt;tr&gt;&lt;td colspan="3"&gt;&lt;a href="resultsLoginloginScreenShootsTC005.jpg"&gt;&lt;img src="resultsLoginloginScreenShootsTC005.jpg" width="800px"&gt;&lt;/a&gt;</msg>
<msg timestamp="20230909 11:28:54.315" level="INFO">C:\Users\Lenovo\AppData\Local\Programs\Python\Python311\Lib\site-packages\selenium\webdriver\remote\webdriver.py:889: UserWarning: name used for saved screenshot does not match file type. It should end with a `.png` extension
  warnings.warn(</msg>
<status status="PASS" starttime="20230909 11:28:54.142" endtime="20230909 11:28:54.315"/>
</kw>
<status status="PASS" starttime="20230909 11:28:54.099" endtime="20230909 11:28:54.315"/>
</kw>
<kw name="Fechar Browser" library="login-scenarios" type="TEARDOWN">
<kw name="Close Browser" library="SeleniumLibrary">
<doc>Closes the current browser.</doc>
<status status="PASS" starttime="20230909 11:28:54.316" endtime="20230909 11:28:56.573"/>
</kw>
<status status="PASS" starttime="20230909 11:28:54.316" endtime="20230909 11:28:56.573"/>
</kw>
<status status="PASS" starttime="20230909 11:28:52.152" endtime="20230909 11:28:56.574"/>
</test>
<status status="PASS" starttime="20230909 11:28:52.013" endtime="20230909 11:28:56.577"/>
</suite>
<suite id="s1-s2" name="Login-Tests" source="C:\Users\Lenovo\Documents\Projetos TI\Robot Framework\WebAutomationTesting\test-cases\login-tests.robot">
<test id="s1-s2-t1" name="TC001 - Validando mensagem login erro ao não digitar usuário" line="10">
<kw name="Dado que eu acesse o site" library="login-scenarios" type="SETUP">
<kw name="Open Browser" library="SeleniumLibrary">
<arg>${URL.sauceDemo}</arg>
<arg>${browser}</arg>
<doc>Opens a new browser instance to the optional ``url``.</doc>
<msg timestamp="20230909 11:28:56.594" level="INFO">Opening browser 'chrome' to base url 'https://www.saucedemo.com/v1/'.</msg>
<status status="PASS" starttime="20230909 11:28:56.593" endtime="20230909 11:28:58.028"/>
</kw>
<status status="PASS" starttime="20230909 11:28:56.593" endtime="20230909 11:28:58.029"/>
</kw>
<kw name="E não insira login nem Senha" library="login-scenarios">
<kw name="Wait Until Element Is Visible" library="SeleniumLibrary">
<arg>${LOGIN.btnLoging}</arg>
<doc>Waits until the element ``locator`` is visible.</doc>
<status status="PASS" starttime="20230909 11:28:58.029" endtime="20230909 11:28:58.060"/>
</kw>
<kw name="Click Button" library="SeleniumLibrary">
<arg>${LOGIN.btnLoging}</arg>
<doc>Clicks the button identified by ``locator``.</doc>
<msg timestamp="20230909 11:28:58.060" level="INFO">Clicking button '//*[@id="login-button"]'.</msg>
<status status="PASS" starttime="20230909 11:28:58.060" endtime="20230909 11:28:58.116"/>
</kw>
<kw name="Get Text" library="SeleniumLibrary">
<var>${textValidation}</var>
<arg>${LOGIN.errorText}</arg>
<doc>Returns the text value of the element identified by ``locator``.</doc>
<msg timestamp="20230909 11:28:58.141" level="INFO">${textValidation} = Epic sadface: Username is required</msg>
<status status="PASS" starttime="20230909 11:28:58.116" endtime="20230909 11:28:58.141"/>
</kw>
<kw name="Should Contain" library="BuiltIn">
<var>${textValidation}</var>
<arg>${textValidation}</arg>
<arg>${LOGIN_VALIDATIONS.errorUsername}</arg>
<doc>Fails if ``container`` does not contain ``item`` one or more times.</doc>
<msg timestamp="20230909 11:28:58.142" level="INFO">${textValidation} = None</msg>
<status status="PASS" starttime="20230909 11:28:58.141" endtime="20230909 11:28:58.142"/>
</kw>
<kw name="Capture Page Screenshot" library="SeleniumLibrary">
<arg>${loginScreenShoot}\TC001.jpg</arg>
<doc>Takes a screenshot of the current page and embeds it into a log file.</doc>
<msg timestamp="20230909 11:28:58.242" level="INFO" html="true">&lt;/td&gt;&lt;/tr&gt;&lt;tr&gt;&lt;td colspan="3"&gt;&lt;a href="resultsLoginloginScreenShootsTC001.jpg"&gt;&lt;img src="resultsLoginloginScreenShootsTC001.jpg" width="800px"&gt;&lt;/a&gt;</msg>
<status status="PASS" starttime="20230909 11:28:58.142" endtime="20230909 11:28:58.242"/>
</kw>
<status status="PASS" starttime="20230909 11:28:58.029" endtime="20230909 11:28:58.243"/>
</kw>
<kw name="Fechar Browser" library="login-scenarios" type="TEARDOWN">
<kw name="Close Browser" library="SeleniumLibrary">
<doc>Closes the current browser.</doc>
<status status="PASS" starttime="20230909 11:28:58.243" endtime="20230909 11:29:00.410"/>
</kw>
<status status="PASS" starttime="20230909 11:28:58.243" endtime="20230909 11:29:00.410"/>
</kw>
<status status="PASS" starttime="20230909 11:28:56.592" endtime="20230909 11:29:00.411"/>
</test>
<test id="s1-s2-t2" name="TC002 - Validando mensagem de login erro ao não digitar senha" line="13">
<kw name="Dado que eu acesse o site" library="login-scenarios" type="SETUP">
<kw name="Open Browser" library="SeleniumLibrary">
<arg>${URL.sauceDemo}</arg>
<arg>${browser}</arg>
<doc>Opens a new browser instance to the optional ``url``.</doc>
<msg timestamp="20230909 11:29:00.417" level="INFO">Opening browser 'chrome' to base url 'https://www.saucedemo.com/v1/'.</msg>
<status status="PASS" starttime="20230909 11:29:00.415" endtime="20230909 11:29:01.809"/>
</kw>
<status status="PASS" starttime="20230909 11:29:00.415" endtime="20230909 11:29:01.809"/>
</kw>
<kw name="E insira login e não insira senha" library="login-scenarios">
<kw name="Wait Until Element Is Visible" library="SeleniumLibrary">
<arg>${LOGIN.inpUsername}</arg>
<doc>Waits until the element ``locator`` is visible.</doc>
<status status="PASS" starttime="20230909 11:29:01.810" endtime="20230909 11:29:01.839"/>
</kw>
<kw name="Input Text" library="SeleniumLibrary">
<arg>${LOGIN.inpUsername}</arg>
<arg>${LOGIN.usernameValid}</arg>
<doc>Types the given ``text`` into the text field identified by ``locator``.</doc>
<msg timestamp="20230909 11:29:01.841" level="INFO">Typing text 'standard_user' into text field '//*[@name="user-name"]'.</msg>
<status status="PASS" starttime="20230909 11:29:01.840" endtime="20230909 11:29:01.936"/>
</kw>
<kw name="Click Button" library="SeleniumLibrary">
<arg>${LOGIN.btnLoging}</arg>
<doc>Clicks the button identified by ``locator``.</doc>
<msg timestamp="20230909 11:29:01.937" level="INFO">Clicking button '//*[@id="login-button"]'.</msg>
<status status="PASS" starttime="20230909 11:29:01.937" endtime="20230909 11:29:01.987"/>
</kw>
<kw name="Get Text" library="SeleniumLibrary">
<var>${textValidation}</var>
<arg>${LOGIN.errorText}</arg>
<doc>Returns the text value of the element identified by ``locator``.</doc>
<msg timestamp="20230909 11:29:02.011" level="INFO">${textValidation} = Epic sadface: Password is required</msg>
<status status="PASS" starttime="20230909 11:29:01.987" endtime="20230909 11:29:02.011"/>
</kw>
<kw name="Should Contain" library="BuiltIn">
<var>${textValidation}</var>
<arg>${textValidation}</arg>
<arg>${LOGIN_VALIDATIONS.errorPassword}</arg>
<doc>Fails if ``container`` does not contain ``item`` one or more times.</doc>
<msg timestamp="20230909 11:29:02.011" level="INFO">${textValidation} = None</msg>
<status status="PASS" starttime="20230909 11:29:02.011" endtime="20230909 11:29:02.012"/>
</kw>
<kw name="Capture Page Screenshot" library="SeleniumLibrary">
<arg>${loginScreenShoot}TC002.jpg</arg>
<doc>Takes a screenshot of the current page and embeds it into a log file.</doc>
<msg timestamp="20230909 11:29:02.095" level="INFO" html="true">&lt;/td&gt;&lt;/tr&gt;&lt;tr&gt;&lt;td colspan="3"&gt;&lt;a href="resultsLoginloginScreenShootsTC002.jpg"&gt;&lt;img src="resultsLoginloginScreenShootsTC002.jpg" width="800px"&gt;&lt;/a&gt;</msg>
<status status="PASS" starttime="20230909 11:29:02.012" endtime="20230909 11:29:02.096"/>
</kw>
<status status="PASS" starttime="20230909 11:29:01.809" endtime="20230909 11:29:02.096"/>
</kw>
<kw name="Fechar Browser" library="login-scenarios" type="TEARDOWN">
<kw name="Close Browser" library="SeleniumLibrary">
<doc>Closes the current browser.</doc>
<status status="PASS" starttime="20230909 11:29:02.096" endtime="20230909 11:29:04.232"/>
</kw>
<status status="PASS" starttime="20230909 11:29:02.096" endtime="20230909 11:29:04.232"/>
</kw>
<status status="PASS" starttime="20230909 11:29:00.414" endtime="20230909 11:29:04.232"/>
</test>
<test id="s1-s2-t3" name="TC003 - Validando mensagem ao digitar login e senha inválidos" line="16">
<kw name="Dado que eu acesse o site" library="login-scenarios" type="SETUP">
<kw name="Open Browser" library="SeleniumLibrary">
<arg>${URL.sauceDemo}</arg>
<arg>${browser}</arg>
<doc>Opens a new browser instance to the optional ``url``.</doc>
<msg timestamp="20230909 11:29:04.238" level="INFO">Opening browser 'chrome' to base url 'https://www.saucedemo.com/v1/'.</msg>
<status status="PASS" starttime="20230909 11:29:04.237" endtime="20230909 11:29:05.591"/>
</kw>
<status status="PASS" starttime="20230909 11:29:04.236" endtime="20230909 11:29:05.591"/>
</kw>
<kw name="E insira login e senha inválidos" library="login-scenarios">
<kw name="Wait Until Element Is Visible" library="SeleniumLibrary">
<arg>${LOGIN.inpUsername}</arg>
<doc>Waits until the element ``locator`` is visible.</doc>
<status status="PASS" starttime="20230909 11:29:05.592" endtime="20230909 11:29:05.637"/>
</kw>
<kw name="Input Text" library="SeleniumLibrary">
<arg>${LOGIN.inpUsername}</arg>
<arg>${LOGIN.error}</arg>
<doc>Types the given ``text`` into the text field identified by ``locator``.</doc>
<msg timestamp="20230909 11:29:05.638" level="INFO">Typing text 'error' into text field '//*[@name="user-name"]'.</msg>
<status status="PASS" starttime="20230909 11:29:05.638" endtime="20230909 11:29:05.778"/>
</kw>
<kw name="Input Text" library="SeleniumLibrary">
<arg>${LOGIN.inpPassword}</arg>
<arg>${LOGIN.error}</arg>
<doc>Types the given ``text`` into the text field identified by ``locator``.</doc>
<msg timestamp="20230909 11:29:05.781" level="INFO">Typing text 'error' into text field '//*[@name="password"]'.</msg>
<status status="PASS" starttime="20230909 11:29:05.778" endtime="20230909 11:29:05.890"/>
</kw>
<kw name="Click Button" library="SeleniumLibrary">
<arg>${LOGIN.btnLoging}</arg>
<doc>Clicks the button identified by ``locator``.</doc>
<msg timestamp="20230909 11:29:05.892" level="INFO">Clicking button '//*[@id="login-button"]'.</msg>
<status status="PASS" starttime="20230909 11:29:05.890" endtime="20230909 11:29:05.958"/>
</kw>
<kw name="Get Text" library="SeleniumLibrary">
<var>${textValidation}</var>
<arg>${LOGIN.errorText}</arg>
<doc>Returns the text value of the element identified by ``locator``.</doc>
<msg timestamp="20230909 11:29:05.990" level="INFO">${textValidation} = Epic sadface: Username and password do not match any user in this service</msg>
<status status="PASS" starttime="20230909 11:29:05.958" endtime="20230909 11:29:05.990"/>
</kw>
<kw name="Should Contain" library="BuiltIn">
<var>${textValidation}</var>
<arg>${textValidation}</arg>
<arg>${LOGIN_VALIDATIONS.loginError}</arg>
<doc>Fails if ``container`` does not contain ``item`` one or more times.</doc>
<msg timestamp="20230909 11:29:05.990" level="INFO">${textValidation} = None</msg>
<status status="PASS" starttime="20230909 11:29:05.990" endtime="20230909 11:29:05.990"/>
</kw>
<kw name="Capture Page Screenshot" library="SeleniumLibrary">
<arg>${loginScreenShoot}\TC003.jpg</arg>
<doc>Takes a screenshot of the current page and embeds it into a log file.</doc>
<msg timestamp="20230909 11:29:06.072" level="INFO" html="true">&lt;/td&gt;&lt;/tr&gt;&lt;tr&gt;&lt;td colspan="3"&gt;&lt;a href="resultsLoginloginScreenShootsTC003.jpg"&gt;&lt;img src="resultsLoginloginScreenShootsTC003.jpg" width="800px"&gt;&lt;/a&gt;</msg>
<status status="PASS" starttime="20230909 11:29:05.990" endtime="20230909 11:29:06.072"/>
</kw>
<status status="PASS" starttime="20230909 11:29:05.592" endtime="20230909 11:29:06.072"/>
</kw>
<kw name="Fechar Browser" library="login-scenarios" type="TEARDOWN">
<kw name="Close Browser" library="SeleniumLibrary">
<doc>Closes the current browser.</doc>
<status status="PASS" starttime="20230909 11:29:06.074" endtime="20230909 11:29:08.280"/>
</kw>
<status status="PASS" starttime="20230909 11:29:06.074" endtime="20230909 11:29:08.280"/>
</kw>
<status status="PASS" starttime="20230909 11:29:04.234" endtime="20230909 11:29:08.281"/>
</test>
<test id="s1-s2-t4" name="TC004 - Validando Login bloqueado" line="19">
<kw name="Dado que eu acesse o site" library="login-scenarios" type="SETUP">
<kw name="Open Browser" library="SeleniumLibrary">
<arg>${URL.sauceDemo}</arg>
<arg>${browser}</arg>
<doc>Opens a new browser instance to the optional ``url``.</doc>
<msg timestamp="20230909 11:29:08.287" level="INFO">Opening browser 'chrome' to base url 'https://www.saucedemo.com/v1/'.</msg>
<status status="PASS" starttime="20230909 11:29:08.285" endtime="20230909 11:29:09.670"/>
</kw>
<status status="PASS" starttime="20230909 11:29:08.285" endtime="20230909 11:29:09.670"/>
</kw>
<kw name="E insira login e senha válidos - block" library="login-scenarios">
<kw name="Wait Until Element Is Visible" library="SeleniumLibrary">
<arg>${LOGIN.inpUsername}</arg>
<doc>Waits until the element ``locator`` is visible.</doc>
<status status="PASS" starttime="20230909 11:29:09.671" endtime="20230909 11:29:09.704"/>
</kw>
<kw name="Input Text" library="SeleniumLibrary">
<arg>${LOGIN.inpUsername}</arg>
<arg>${LOGIN.userLock}</arg>
<doc>Types the given ``text`` into the text field identified by ``locator``.</doc>
<msg timestamp="20230909 11:29:09.704" level="INFO">Typing text 'locked_out_user' into text field '//*[@name="user-name"]'.</msg>
<status status="PASS" starttime="20230909 11:29:09.704" endtime="20230909 11:29:09.806"/>
</kw>
<kw name="Input Text" library="SeleniumLibrary">
<arg>${LOGIN.inpPassword}</arg>
<arg>${LOGIN.password}</arg>
<doc>Types the given ``text`` into the text field identified by ``locator``.</doc>
<msg timestamp="20230909 11:29:09.808" level="INFO">Typing text 'secret_sauce' into text field '//*[@name="password"]'.</msg>
<status status="PASS" starttime="20230909 11:29:09.806" endtime="20230909 11:29:09.880"/>
</kw>
<kw name="Click Button" library="SeleniumLibrary">
<arg>${LOGIN.btnLoging}</arg>
<doc>Clicks the button identified by ``locator``.</doc>
<msg timestamp="20230909 11:29:09.880" level="INFO">Clicking button '//*[@id="login-button"]'.</msg>
<status status="PASS" starttime="20230909 11:29:09.880" endtime="20230909 11:29:09.921"/>
</kw>
<status status="PASS" starttime="20230909 11:29:09.671" endtime="20230909 11:29:09.921"/>
</kw>
<kw name="E meu login esteja bloqueado" library="login-scenarios">
<kw name="Get Text" library="SeleniumLibrary">
<var>${textValidation}</var>
<arg>${LOGIN.errorText}</arg>
<doc>Returns the text value of the element identified by ``locator``.</doc>
<msg timestamp="20230909 11:29:09.944" level="INFO">${textValidation} = Epic sadface: Sorry, this user has been locked out.</msg>
<status status="PASS" starttime="20230909 11:29:09.921" endtime="20230909 11:29:09.944"/>
</kw>
<kw name="Should Contain" library="BuiltIn">
<var>${textValidation}</var>
<arg>${textValidation}</arg>
<arg>${LOGIN_VALIDATIONS.loginLock}</arg>
<doc>Fails if ``container`` does not contain ``item`` one or more times.</doc>
<msg timestamp="20230909 11:29:09.945" level="INFO">${textValidation} = None</msg>
<status status="PASS" starttime="20230909 11:29:09.945" endtime="20230909 11:29:09.945"/>
</kw>
<kw name="Capture Page Screenshot" library="SeleniumLibrary">
<arg>${loginScreenShoot}\TC004.jpg</arg>
<doc>Takes a screenshot of the current page and embeds it into a log file.</doc>
<msg timestamp="20230909 11:29:10.013" level="INFO" html="true">&lt;/td&gt;&lt;/tr&gt;&lt;tr&gt;&lt;td colspan="3"&gt;&lt;a href="resultsLoginloginScreenShootsTC004.jpg"&gt;&lt;img src="resultsLoginloginScreenShootsTC004.jpg" width="800px"&gt;&lt;/a&gt;</msg>
<status status="PASS" starttime="20230909 11:29:09.945" endtime="20230909 11:29:10.013"/>
</kw>
<status status="PASS" starttime="20230909 11:29:09.921" endtime="20230909 11:29:10.013"/>
</kw>
<kw name="Fechar Browser" library="login-scenarios" type="TEARDOWN">
<kw name="Close Browser" library="SeleniumLibrary">
<doc>Closes the current browser.</doc>
<status status="PASS" starttime="20230909 11:29:10.014" endtime="20230909 11:29:12.240"/>
</kw>
<status status="PASS" starttime="20230909 11:29:10.013" endtime="20230909 11:29:12.240"/>
</kw>
<status status="PASS" starttime="20230909 11:29:08.284" endtime="20230909 11:29:12.241"/>
</test>
<test id="s1-s2-t5" name="TC005 - Validando o login com sucesso" line="23">
<kw name="Dado que eu acesse o site" library="login-scenarios" type="SETUP">
<kw name="Open Browser" library="SeleniumLibrary">
<arg>${URL.sauceDemo}</arg>
<arg>${browser}</arg>
<doc>Opens a new browser instance to the optional ``url``.</doc>
<msg timestamp="20230909 11:29:12.247" level="INFO">Opening browser 'chrome' to base url 'https://www.saucedemo.com/v1/'.</msg>
<status status="PASS" starttime="20230909 11:29:12.244" endtime="20230909 11:29:13.581"/>
</kw>
<status status="PASS" starttime="20230909 11:29:12.244" endtime="20230909 11:29:13.581"/>
</kw>
<kw name="E insira login e senha válidos - success" library="login-scenarios">
<kw name="Wait Until Element Is Visible" library="SeleniumLibrary">
<arg>${LOGIN.inpUsername}</arg>
<doc>Waits until the element ``locator`` is visible.</doc>
<status status="PASS" starttime="20230909 11:29:13.581" endtime="20230909 11:29:13.614"/>
</kw>
<kw name="Input Text" library="SeleniumLibrary">
<arg>${LOGIN.inpUsername}</arg>
<arg>${LOGIN.usernameValid}</arg>
<doc>Types the given ``text`` into the text field identified by ``locator``.</doc>
<msg timestamp="20230909 11:29:13.615" level="INFO">Typing text 'standard_user' into text field '//*[@name="user-name"]'.</msg>
<status status="PASS" starttime="20230909 11:29:13.614" endtime="20230909 11:29:13.711"/>
</kw>
<kw name="Input Text" library="SeleniumLibrary">
<arg>${LOGIN.inpPassword}</arg>
<arg>${LOGIN.password}</arg>
<doc>Types the given ``text`` into the text field identified by ``locator``.</doc>
<msg timestamp="20230909 11:29:13.711" level="INFO">Typing text 'secret_sauce' into text field '//*[@name="password"]'.</msg>
<status status="PASS" starttime="20230909 11:29:13.711" endtime="20230909 11:29:13.781"/>
</kw>
<kw name="Click Button" library="SeleniumLibrary">
<arg>${LOGIN.btnLoging}</arg>
<doc>Clicks the button identified by ``locator``.</doc>
<msg timestamp="20230909 11:29:13.782" level="INFO">Clicking button '//*[@id="login-button"]'.</msg>
<status status="PASS" starttime="20230909 11:29:13.781" endtime="20230909 11:29:14.024"/>
</kw>
<status status="PASS" starttime="20230909 11:29:13.581" endtime="20230909 11:29:14.024"/>
</kw>
<kw name="Então devo entrar na tela de produtos" library="login-scenarios">
<kw name="Wait Until Element Is Visible" library="SeleniumLibrary">
<arg>${PRODUCTS.labelHeader}</arg>
<doc>Waits until the element ``locator`` is visible.</doc>
<status status="PASS" starttime="20230909 11:29:14.025" endtime="20230909 11:29:14.053"/>
</kw>
<kw name="Get Text" library="SeleniumLibrary">
<var>${productsPage}</var>
<arg>${PRODUCTS.labelHeader}</arg>
<doc>Returns the text value of the element identified by ``locator``.</doc>
<msg timestamp="20230909 11:29:14.073" level="INFO">${productsPage} = Products</msg>
<status status="PASS" starttime="20230909 11:29:14.053" endtime="20230909 11:29:14.073"/>
</kw>
<kw name="Log To Console" library="BuiltIn">
<arg>${productsPage}</arg>
<doc>Logs the given message to the console.</doc>
<status status="PASS" starttime="20230909 11:29:14.073" endtime="20230909 11:29:14.074"/>
</kw>
<kw name="Should Be Equal" library="BuiltIn">
<arg>${productsPage}</arg>
<arg>Products</arg>
<doc>Fails if the given objects are unequal.</doc>
<status status="PASS" starttime="20230909 11:29:14.074" endtime="20230909 11:29:14.074"/>
</kw>
<kw name="Capture Page Screenshot" library="SeleniumLibrary">
<arg>${loginScreenShoot}\TC005.jpg</arg>
<doc>Takes a screenshot of the current page and embeds it into a log file.</doc>
<msg timestamp="20230909 11:29:14.240" level="INFO" html="true">&lt;/td&gt;&lt;/tr&gt;&lt;tr&gt;&lt;td colspan="3"&gt;&lt;a href="resultsLoginloginScreenShootsTC005.jpg"&gt;&lt;img src="resultsLoginloginScreenShootsTC005.jpg" width="800px"&gt;&lt;/a&gt;</msg>
<status status="PASS" starttime="20230909 11:29:14.074" endtime="20230909 11:29:14.240"/>
</kw>
<status status="PASS" starttime="20230909 11:29:14.024" endtime="20230909 11:29:14.240"/>
</kw>
<kw name="Fechar Browser" library="login-scenarios" type="TEARDOWN">
<kw name="Close Browser" library="SeleniumLibrary">
<doc>Closes the current browser.</doc>
<status status="PASS" starttime="20230909 11:29:14.241" endtime="20230909 11:29:16.396"/>
</kw>
<status status="PASS" starttime="20230909 11:29:14.240" endtime="20230909 11:29:16.396"/>
</kw>
<status status="PASS" starttime="20230909 11:29:12.243" endtime="20230909 11:29:16.397"/>
</test>
<status status="PASS" starttime="20230909 11:28:56.581" endtime="20230909 11:29:16.400"/>
</suite>
<status status="PASS" starttime="20230909 11:28:51.996" endtime="20230909 11:29:16.405"/>
</suite>
<statistics>
<total>
<stat pass="6" fail="0" skip="0">All Tests</stat>
</total>
<tag>
</tag>
<suite>
<stat pass="6" fail="0" skip="0" id="s1" name="Test-Cases">Test-Cases</stat>
<stat pass="1" fail="0" skip="0" id="s1-s1" name="Home-Page">Test-Cases.Home-Page</stat>
<stat pass="5" fail="0" skip="0" id="s1-s2" name="Login-Tests">Test-Cases.Login-Tests</stat>
</suite>
</statistics>
<errors>
</errors>
</robot>
