<?xml version="1.0" encoding="UTF-8"?>
<robot generator="Robot 6.1.1 (Python 3.11.4 on win32)" generated="20230802 22:12:48.144" rpa="false" schemaversion="4">
<suite id="s1" name="Testing" source="C:\Users\Lenovo\Documents\Projetos TI\Robot\WebAutomationTesting\test-cases\testing.robot">
<test id="s1-t1" name="TC001 - Validando mensagem login erro ao não digitar usuário" line="10">
<kw name="Dado que eu acesse o site" library="login-scenarios" type="SETUP">
<kw name="Open Browser" library="SeleniumLibrary">
<arg>${URL.sauceDemo}</arg>
<arg>${browser}</arg>
<doc>Opens a new browser instance to the optional ``url``.</doc>
<msg timestamp="20230802 22:12:48.301" level="INFO">Opening browser 'chrome' to base url 'https://www.saucedemo.com/v1/'.</msg>
<status status="PASS" starttime="20230802 22:12:48.301" endtime="20230802 22:12:49.703"/>
</kw>
<status status="PASS" starttime="20230802 22:12:48.294" endtime="20230802 22:12:49.703"/>
</kw>
<kw name="E não insira login nem Senha" library="login-scenarios">
<kw name="Wait Until Element Is Visible" library="SeleniumLibrary">
<arg>${LOGIN.btnLoging}</arg>
<doc>Waits until the element ``locator`` is visible.</doc>
<status status="PASS" starttime="20230802 22:12:49.705" endtime="20230802 22:12:49.728"/>
</kw>
<kw name="Click Button" library="SeleniumLibrary">
<arg>${LOGIN.btnLoging}</arg>
<doc>Clicks the button identified by ``locator``.</doc>
<msg timestamp="20230802 22:12:49.731" level="INFO">Clicking button '//*[@id="login-button"]'.</msg>
<status status="PASS" starttime="20230802 22:12:49.729" endtime="20230802 22:12:49.787"/>
</kw>
<kw name="Wait Until Element Is Visible" library="SeleniumLibrary">
<arg>${LOGIN.errorText}</arg>
<doc>Waits until the element ``locator`` is visible.</doc>
<status status="PASS" starttime="20230802 22:12:49.787" endtime="20230802 22:12:49.807"/>
</kw>
<kw name="Get Text" library="SeleniumLibrary">
<var>${textValidation}</var>
<arg>${LOGIN.errorText}</arg>
<doc>Returns the text value of the element identified by ``locator``.</doc>
<msg timestamp="20230802 22:12:49.826" level="INFO">${textValidation} = Epic sadface: Username is required</msg>
<status status="PASS" starttime="20230802 22:12:49.807" endtime="20230802 22:12:49.826"/>
</kw>
<kw name="Should Contain" library="BuiltIn">
<var>${textValidation}</var>
<arg>${textValidation}</arg>
<arg>${LOGIN_VALIDATIONS.error1}</arg>
<doc>Fails if ``container`` does not contain ``item`` one or more times.</doc>
<msg timestamp="20230802 22:12:49.826" level="INFO">${textValidation} = None</msg>
<status status="PASS" starttime="20230802 22:12:49.826" endtime="20230802 22:12:49.826"/>
</kw>
<status status="PASS" starttime="20230802 22:12:49.705" endtime="20230802 22:12:49.826"/>
</kw>
<kw name="Fechar Browser" library="login-scenarios" type="TEARDOWN">
<kw name="Close Browser" library="SeleniumLibrary">
<doc>Closes the current browser.</doc>
<status status="PASS" starttime="20230802 22:12:49.827" endtime="20230802 22:12:51.977"/>
</kw>
<status status="PASS" starttime="20230802 22:12:49.827" endtime="20230802 22:12:51.977"/>
</kw>
<status status="PASS" starttime="20230802 22:12:48.294" endtime="20230802 22:12:51.978"/>
</test>
<status status="PASS" starttime="20230802 22:12:48.144" endtime="20230802 22:12:51.981"/>
</suite>
<statistics>
<total>
<stat pass="1" fail="0" skip="0">All Tests</stat>
</total>
<tag>
</tag>
<suite>
<stat pass="1" fail="0" skip="0" id="s1" name="Testing">Testing</stat>
</suite>
</statistics>
<errors>
</errors>
</robot>
