<?xml version="1.0" encoding="UTF-8"?>
<robot generator="Robot 6.1.1 (Python 3.11.4 on win32)" generated="20230802 22:00:19.583" rpa="false" schemaversion="4">
<suite id="s1" name="WebAutomationTesting" source="C:\Users\Lenovo\Documents\Projetos TI\Robot\WebAutomationTesting">
<suite id="s1-s1" name="Test-Cases" source="C:\Users\Lenovo\Documents\Projetos TI\Robot\WebAutomationTesting\test-cases">
<suite id="s1-s1-s1" name="Testing" source="C:\Users\Lenovo\Documents\Projetos TI\Robot\WebAutomationTesting\test-cases\testing.robot">
<test id="s1-s1-s1-t1" name="Teste" line="7">
<kw name="E não insira login nem Senha" library="login-scenarios">
<kw name="Wait Until Element Is Visible" library="SeleniumLibrary">
<arg>${LOGIN.btnLoging}</arg>
<doc>Waits until the element ``locator`` is visible.</doc>
<msg timestamp="20230802 22:00:19.785" level="INFO">Cannot capture screenshot because no browser is open.</msg>
<msg timestamp="20230802 22:00:19.785" level="FAIL">No browser is open.</msg>
<status status="FAIL" starttime="20230802 22:00:19.784" endtime="20230802 22:00:19.789"/>
</kw>
<kw name="Click Button" library="SeleniumLibrary">
<arg>${LOGIN.btnLoging}</arg>
<doc>Clicks the button identified by ``locator``.</doc>
<status status="NOT RUN" starttime="20230802 22:00:19.789" endtime="20230802 22:00:19.789"/>
</kw>
<kw name="Wait Until Element Is Visible" library="SeleniumLibrary">
<arg>${LOGIN.errorText}</arg>
<doc>Waits until the element ``locator`` is visible.</doc>
<status status="NOT RUN" starttime="20230802 22:00:19.790" endtime="20230802 22:00:19.790"/>
</kw>
<kw name="Get Text" library="SeleniumLibrary">
<var>${textValidation}</var>
<arg>${LOGIN.errorText}</arg>
<doc>Returns the text value of the element identified by ``locator``.</doc>
<status status="NOT RUN" starttime="20230802 22:00:19.790" endtime="20230802 22:00:19.790"/>
</kw>
<kw name="Should Contain" library="BuiltIn">
<var>${textValidation}</var>
<arg>${textValidation}</arg>
<arg>${LOGIN_VALIDATIONS.error1}</arg>
<doc>Fails if ``container`` does not contain ``item`` one or more times.</doc>
<status status="NOT RUN" starttime="20230802 22:00:19.791" endtime="20230802 22:00:19.791"/>
</kw>
<status status="FAIL" starttime="20230802 22:00:19.783" endtime="20230802 22:00:19.791"/>
</kw>
<kw name="Fechar Browser" library="login-scenarios" type="TEARDOWN">
<kw name="Close Browser" library="SeleniumLibrary">
<doc>Closes the current browser.</doc>
<status status="PASS" starttime="20230802 22:00:19.792" endtime="20230802 22:00:19.792"/>
</kw>
<status status="PASS" starttime="20230802 22:00:19.791" endtime="20230802 22:00:19.792"/>
</kw>
<status status="FAIL" starttime="20230802 22:00:19.782" endtime="20230802 22:00:19.792">No browser is open.</status>
</test>
<status status="FAIL" starttime="20230802 22:00:19.611" endtime="20230802 22:00:19.794"/>
</suite>
<status status="FAIL" starttime="20230802 22:00:19.607" endtime="20230802 22:00:19.798"/>
</suite>
<status status="FAIL" starttime="20230802 22:00:19.586" endtime="20230802 22:00:19.800"/>
</suite>
<statistics>
<total>
<stat pass="0" fail="1" skip="0">All Tests</stat>
</total>
<tag>
</tag>
<suite>
<stat pass="0" fail="1" skip="0" id="s1" name="WebAutomationTesting">WebAutomationTesting</stat>
<stat pass="0" fail="1" skip="0" id="s1-s1" name="Test-Cases">WebAutomationTesting.Test-Cases</stat>
<stat pass="0" fail="1" skip="0" id="s1-s1-s1" name="Testing">WebAutomationTesting.Test-Cases.Testing</stat>
</suite>
</statistics>
<errors>
</errors>
</robot>
